2025-08-09 13:53:07,986 - enhanced_sourcepull - INFO - ======================================================================
2025-08-09 13:53:07,986 - enhanced_sourcepull - INFO - ENHANCED SOURCEPULL WORKFLOW
2025-08-09 13:53:07,986 - enhanced_sourcepull - INFO - Stanford Law Review - Readable PDF Retrieval
2025-08-09 13:53:07,986 - enhanced_sourcepull - INFO - ======================================================================
2025-08-09 13:53:07,986 - enhanced_sourcepull - INFO - Step 1: Extracting footnotes from document...
2025-08-09 13:53:08,023 - enhanced_sourcepull - INFO -   Extracted 1 footnotes
2025-08-09 13:53:08,023 - enhanced_sourcepull - INFO - Step 2: Parsing citations with GPT...
2025-08-09 13:53:08,023 - enhanced_sourcepull - WARNING -   GPT parsing disabled - using fallback rule-based parsing
2025-08-09 13:53:08,023 - enhanced_sourcepull - INFO -   Parsing footnote 3 with fallback parser...
2025-08-09 13:53:08,024 - enhanced_sourcepull - INFO -     Found 4 citations (confidence: 0.70)
2025-08-09 13:53:08,024 - enhanced_sourcepull - INFO -   Total citations identified: 4
2025-08-09 13:53:08,024 - enhanced_sourcepull - INFO - Step 3: Retrieving readable PDFs...
2025-08-09 13:53:08,024 - enhanced_sourcepull - INFO -   Retrieving: fn3_usc_21_355(c)(3)(C)
2025-08-09 13:53:08,768 - enhanced_sourcepull - INFO -     ✗ Failed: All retrieval sources failed
2025-08-09 13:53:08,768 - enhanced_sourcepull - INFO -   Retrieving: fn3_fed_919_1333
2025-08-09 13:53:10,244 - enhanced_sourcepull - INFO -     ✓ Retrieved 5p PDF from supreme_court_official
2025-08-09 13:53:10,244 - enhanced_sourcepull - INFO -   Retrieving: fn3_fed_785_625
2025-08-09 13:53:10,314 - enhanced_sourcepull - INFO -     ✓ Retrieved 5p PDF from supreme_court_official
2025-08-09 13:53:10,314 - enhanced_sourcepull - INFO -   Retrieving: fn3_fed_633_1042
2025-08-09 13:53:10,396 - enhanced_sourcepull - INFO -     ✓ Retrieved 5p PDF from supreme_court_official
2025-08-09 13:53:10,396 - enhanced_sourcepull - INFO - Step 4: Generating final report...
2025-08-09 13:53:10,396 - enhanced_sourcepull - INFO - ======================================================================
2025-08-09 13:53:10,397 - enhanced_sourcepull - INFO - WORKFLOW COMPLETE
2025-08-09 13:53:10,397 - enhanced_sourcepull - INFO - ======================================================================
2025-08-09 13:53:10,397 - enhanced_sourcepull - INFO - Footnotes processed: 1
2025-08-09 13:53:10,397 - enhanced_sourcepull - INFO - Citations identified: 4
2025-08-09 13:53:10,397 - enhanced_sourcepull - INFO - PDFs retrieved: 3/4
2025-08-09 13:53:10,397 - enhanced_sourcepull - INFO - Success rate: 75.0%
2025-08-09 13:53:10,397 - enhanced_sourcepull - INFO - Report saved: output/data/Enhanced_Sourcepull/enhanced_sourcepull_report_20250809_135310.json
2025-08-09 13:53:10,397 - enhanced_sourcepull - INFO - ======================================================================
