2025-08-09 01:04:24,472 - enhanced_sourcepull - INFO - ======================================================================
2025-08-09 01:04:24,472 - enhanced_sourcepull - INFO - ENHANCED SOURCEPULL WORKFLOW
2025-08-09 01:04:24,472 - enhanced_sourcepull - INFO - Stanford Law Review - Readable PDF Retrieval
2025-08-09 01:04:24,472 - enhanced_sourcepull - INFO - ======================================================================
2025-08-09 01:04:24,472 - enhanced_sourcepull - INFO - Step 1: Extracting footnotes from document...
2025-08-09 01:04:24,504 - enhanced_sourcepull - INFO -   Extracted 25 footnotes
2025-08-09 01:04:24,504 - enhanced_sourcepull - INFO - Step 2: Parsing citations with GPT...
2025-08-09 01:04:24,504 - enhanced_sourcepull - INFO -   Parsing footnote 1...
2025-08-09 01:04:26,316 - enhanced_sourcepull - INFO -     GPT failed, trying fallback parser...
2025-08-09 01:04:26,317 - enhanced_sourcepull - INFO -     Found 0 citations (confidence: 0.00)
2025-08-09 01:04:26,317 - enhanced_sourcepull - INFO -   Parsing footnote 2...
2025-08-09 01:04:27,913 - enhanced_sourcepull - INFO -     GPT failed, trying fallback parser...
2025-08-09 01:04:27,914 - enhanced_sourcepull - INFO -     Found 0 citations (confidence: 0.00)
2025-08-09 01:04:27,914 - enhanced_sourcepull - INFO -   Parsing footnote 3...
2025-08-09 01:04:29,539 - enhanced_sourcepull - INFO -     GPT failed, trying fallback parser...
2025-08-09 01:04:29,540 - enhanced_sourcepull - INFO -     Fallback found 4 citations
2025-08-09 01:04:29,540 - enhanced_sourcepull - INFO -     Found 4 citations (confidence: 0.70)
2025-08-09 01:04:29,540 - enhanced_sourcepull - INFO -   Parsing footnote 4...
2025-08-09 01:04:31,246 - enhanced_sourcepull - INFO -     GPT failed, trying fallback parser...
2025-08-09 01:04:31,246 - enhanced_sourcepull - INFO -     Fallback found 1 citations
2025-08-09 01:04:31,246 - enhanced_sourcepull - INFO -     Found 1 citations (confidence: 0.70)
2025-08-09 01:04:31,246 - enhanced_sourcepull - INFO -   Parsing footnote 5...
2025-08-09 01:04:32,822 - enhanced_sourcepull - INFO -     GPT failed, trying fallback parser...
2025-08-09 01:04:32,823 - enhanced_sourcepull - INFO -     Fallback found 1 citations
2025-08-09 01:04:32,823 - enhanced_sourcepull - INFO -     Found 1 citations (confidence: 0.70)
2025-08-09 01:04:32,824 - enhanced_sourcepull - INFO -   Parsing footnote 6...
2025-08-09 01:04:34,431 - enhanced_sourcepull - INFO -     GPT failed, trying fallback parser...
2025-08-09 01:04:34,432 - enhanced_sourcepull - INFO -     Found 0 citations (confidence: 0.00)
2025-08-09 01:04:34,432 - enhanced_sourcepull - INFO -   Parsing footnote 7...
2025-08-09 01:04:36,121 - enhanced_sourcepull - INFO -     GPT failed, trying fallback parser...
2025-08-09 01:04:36,121 - enhanced_sourcepull - INFO -     Found 0 citations (confidence: 0.00)
2025-08-09 01:04:36,122 - enhanced_sourcepull - INFO -   Parsing footnote 8...
2025-08-09 01:04:37,777 - enhanced_sourcepull - INFO -     GPT failed, trying fallback parser...
2025-08-09 01:04:37,777 - enhanced_sourcepull - INFO -     Found 0 citations (confidence: 0.00)
2025-08-09 01:04:37,777 - enhanced_sourcepull - INFO -   Parsing footnote 9...
2025-08-09 01:04:39,369 - enhanced_sourcepull - INFO -     GPT failed, trying fallback parser...
2025-08-09 01:04:39,370 - enhanced_sourcepull - INFO -     Found 0 citations (confidence: 0.00)
2025-08-09 01:04:39,370 - enhanced_sourcepull - INFO -   Parsing footnote 10...
2025-08-09 01:04:40,956 - enhanced_sourcepull - INFO -     GPT failed, trying fallback parser...
2025-08-09 01:04:40,956 - enhanced_sourcepull - INFO -     Found 0 citations (confidence: 0.00)
2025-08-09 01:04:40,957 - enhanced_sourcepull - INFO -   Parsing footnote 11...
2025-08-09 01:04:42,716 - enhanced_sourcepull - INFO -     GPT failed, trying fallback parser...
2025-08-09 01:04:42,716 - enhanced_sourcepull - INFO -     Fallback found 1 citations
2025-08-09 01:04:42,716 - enhanced_sourcepull - INFO -     Found 1 citations (confidence: 0.70)
2025-08-09 01:04:42,716 - enhanced_sourcepull - INFO -   Parsing footnote 12...
2025-08-09 01:04:44,399 - enhanced_sourcepull - INFO -     GPT failed, trying fallback parser...
2025-08-09 01:04:44,399 - enhanced_sourcepull - INFO -     Found 0 citations (confidence: 0.00)
2025-08-09 01:04:44,399 - enhanced_sourcepull - INFO -   Parsing footnote 13...
2025-08-09 01:04:45,918 - enhanced_sourcepull - INFO -     GPT failed, trying fallback parser...
2025-08-09 01:04:45,919 - enhanced_sourcepull - INFO -     Fallback found 1 citations
2025-08-09 01:04:45,919 - enhanced_sourcepull - INFO -     Found 1 citations (confidence: 0.70)
2025-08-09 01:04:45,919 - enhanced_sourcepull - INFO -   Parsing footnote 14...
2025-08-09 01:04:47,386 - enhanced_sourcepull - INFO -     GPT failed, trying fallback parser...
2025-08-09 01:04:47,386 - enhanced_sourcepull - INFO -     Found 0 citations (confidence: 0.00)
2025-08-09 01:04:47,386 - enhanced_sourcepull - INFO -   Parsing footnote 15...
2025-08-09 01:04:49,057 - enhanced_sourcepull - INFO -     GPT failed, trying fallback parser...
2025-08-09 01:04:49,057 - enhanced_sourcepull - INFO -     Found 0 citations (confidence: 0.00)
2025-08-09 01:04:49,057 - enhanced_sourcepull - INFO -   Parsing footnote 16...
2025-08-09 01:04:50,656 - enhanced_sourcepull - INFO -     GPT failed, trying fallback parser...
2025-08-09 01:04:50,657 - enhanced_sourcepull - INFO -     Found 0 citations (confidence: 0.00)
2025-08-09 01:04:50,657 - enhanced_sourcepull - INFO -   Parsing footnote 17...
2025-08-09 01:04:52,450 - enhanced_sourcepull - INFO -     GPT failed, trying fallback parser...
2025-08-09 01:04:52,450 - enhanced_sourcepull - INFO -     Found 0 citations (confidence: 0.00)
2025-08-09 01:04:52,450 - enhanced_sourcepull - INFO -   Parsing footnote 18...
2025-08-09 01:04:54,010 - enhanced_sourcepull - INFO -     GPT failed, trying fallback parser...
2025-08-09 01:04:54,011 - enhanced_sourcepull - INFO -     Fallback found 1 citations
2025-08-09 01:04:54,012 - enhanced_sourcepull - INFO -     Found 1 citations (confidence: 0.70)
2025-08-09 01:04:54,012 - enhanced_sourcepull - INFO -   Parsing footnote 19...
2025-08-09 01:04:55,703 - enhanced_sourcepull - INFO -     GPT failed, trying fallback parser...
2025-08-09 01:04:55,703 - enhanced_sourcepull - INFO -     Found 0 citations (confidence: 0.00)
2025-08-09 01:04:55,703 - enhanced_sourcepull - INFO -   Parsing footnote 20...
2025-08-09 01:04:57,426 - enhanced_sourcepull - INFO -     GPT failed, trying fallback parser...
2025-08-09 01:04:57,427 - enhanced_sourcepull - INFO -     Fallback found 1 citations
2025-08-09 01:04:57,427 - enhanced_sourcepull - INFO -     Found 1 citations (confidence: 0.70)
2025-08-09 01:04:57,427 - enhanced_sourcepull - INFO -   Parsing footnote 21...
2025-08-09 01:04:59,201 - enhanced_sourcepull - INFO -     GPT failed, trying fallback parser...
2025-08-09 01:04:59,202 - enhanced_sourcepull - INFO -     Fallback found 1 citations
2025-08-09 01:04:59,202 - enhanced_sourcepull - INFO -     Found 1 citations (confidence: 0.70)
2025-08-09 01:04:59,202 - enhanced_sourcepull - INFO -   Parsing footnote 22...
2025-08-09 01:05:00,891 - enhanced_sourcepull - INFO -     GPT failed, trying fallback parser...
2025-08-09 01:05:00,891 - enhanced_sourcepull - INFO -     Fallback found 1 citations
2025-08-09 01:05:00,891 - enhanced_sourcepull - INFO -     Found 1 citations (confidence: 0.70)
2025-08-09 01:05:00,891 - enhanced_sourcepull - INFO -   Parsing footnote 23...
2025-08-09 01:05:02,646 - enhanced_sourcepull - INFO -     GPT failed, trying fallback parser...
2025-08-09 01:05:02,646 - enhanced_sourcepull - INFO -     Fallback found 1 citations
2025-08-09 01:05:02,647 - enhanced_sourcepull - INFO -     Found 1 citations (confidence: 0.70)
2025-08-09 01:05:02,647 - enhanced_sourcepull - INFO -   Parsing footnote 24...
2025-08-09 01:05:04,465 - enhanced_sourcepull - INFO -     GPT failed, trying fallback parser...
2025-08-09 01:05:04,465 - enhanced_sourcepull - INFO -     Fallback found 1 citations
2025-08-09 01:05:04,465 - enhanced_sourcepull - INFO -     Found 1 citations (confidence: 0.70)
2025-08-09 01:05:04,465 - enhanced_sourcepull - INFO -   Parsing footnote 25...
2025-08-09 01:05:06,064 - enhanced_sourcepull - INFO -     GPT failed, trying fallback parser...
2025-08-09 01:05:06,064 - enhanced_sourcepull - INFO -     Fallback found 1 citations
2025-08-09 01:05:06,064 - enhanced_sourcepull - INFO -     Found 1 citations (confidence: 0.70)
2025-08-09 01:05:06,064 - enhanced_sourcepull - INFO -   Total citations identified: 15
2025-08-09 01:05:06,064 - enhanced_sourcepull - INFO - Step 3: Retrieving readable PDFs...
2025-08-09 01:05:06,064 - enhanced_sourcepull - INFO -   Retrieving: fn3_usc_21_355(c)(3)(C)
2025-08-09 01:05:06,766 - enhanced_sourcepull - INFO -     ✗ Failed: All retrieval sources failed
2025-08-09 01:05:06,766 - enhanced_sourcepull - INFO -   Retrieving: fn3_fed_919_1333
2025-08-09 01:05:07,092 - enhanced_sourcepull - INFO -     ✓ Retrieved 5p PDF from supreme_court_official
2025-08-09 01:05:07,092 - enhanced_sourcepull - INFO -   Retrieving: fn3_fed_785_625
2025-08-09 01:05:07,281 - enhanced_sourcepull - INFO -     ✓ Retrieved 5p PDF from supreme_court_official
2025-08-09 01:05:07,282 - enhanced_sourcepull - INFO -   Retrieving: fn3_fed_633_1042
2025-08-09 01:05:07,470 - enhanced_sourcepull - INFO -     ✓ Retrieved 5p PDF from supreme_court_official
2025-08-09 01:05:07,470 - enhanced_sourcepull - INFO -   Retrieving: fn4_fed_7_1320
2025-08-09 01:05:07,471 - enhanced_sourcepull - INFO -     ✗ Failed: All retrieval sources failed
2025-08-09 01:05:07,471 - enhanced_sourcepull - INFO -   Retrieving: fn5_fed_316_1348
2025-08-09 01:05:07,471 - enhanced_sourcepull - INFO -     ✗ Failed: All retrieval sources failed
2025-08-09 01:05:07,471 - enhanced_sourcepull - INFO -   Retrieving: fn11_usc_21_321(m)_
2025-08-09 01:05:07,811 - enhanced_sourcepull - INFO -     ✗ Failed: All retrieval sources failed
2025-08-09 01:05:07,811 - enhanced_sourcepull - INFO -   Retrieving: fn13_cfr_21_201_57
2025-08-09 01:05:07,811 - enhanced_sourcepull - INFO -     ✗ Failed: All retrieval sources failed
2025-08-09 01:05:07,812 - enhanced_sourcepull - INFO -   Retrieving: fn18_usc_35_271(e)(2)(A)_
2025-08-09 01:05:08,125 - enhanced_sourcepull - INFO -     ✗ Failed: All retrieval sources failed
2025-08-09 01:05:08,125 - enhanced_sourcepull - INFO -   Retrieving: fn20_usc_21_355(j)(2)(A)(i)_
2025-08-09 01:05:08,493 - enhanced_sourcepull - INFO -     ✗ Failed: All retrieval sources failed
2025-08-09 01:05:08,493 - enhanced_sourcepull - INFO -   Retrieving: fn21_usc_35_271(b)
2025-08-09 01:05:08,773 - enhanced_sourcepull - INFO -     ✗ Failed: All retrieval sources failed
2025-08-09 01:05:08,773 - enhanced_sourcepull - INFO -   Retrieving: fn22_usc_21_355(j)(2)(A)(viii)_
2025-08-09 01:05:09,191 - enhanced_sourcepull - INFO -     ✗ Failed: All retrieval sources failed
2025-08-09 01:05:09,191 - enhanced_sourcepull - INFO -   Retrieving: fn23_us_566_399
2025-08-09 01:05:10,226 - enhanced_sourcepull - INFO -     ✓ Retrieved 940p PDF from supreme_court_official
2025-08-09 01:05:10,226 - enhanced_sourcepull - INFO -   Retrieving: fn24_fed_930_72
2025-08-09 01:05:10,413 - enhanced_sourcepull - INFO -     ✓ Retrieved 5p PDF from supreme_court_official
2025-08-09 01:05:10,413 - enhanced_sourcepull - INFO -   Retrieving: fn25_usc_28_1295(a)(1)_
2025-08-09 01:05:10,795 - enhanced_sourcepull - INFO -     ✗ Failed: All retrieval sources failed
2025-08-09 01:05:10,795 - enhanced_sourcepull - INFO - Step 4: Generating final report...
2025-08-09 01:05:10,796 - enhanced_sourcepull - INFO - ======================================================================
2025-08-09 01:05:10,797 - enhanced_sourcepull - INFO - WORKFLOW COMPLETE
2025-08-09 01:05:10,797 - enhanced_sourcepull - INFO - ======================================================================
2025-08-09 01:05:10,797 - enhanced_sourcepull - INFO - Footnotes processed: 25
2025-08-09 01:05:10,797 - enhanced_sourcepull - INFO - Citations identified: 15
2025-08-09 01:05:10,797 - enhanced_sourcepull - INFO - PDFs retrieved: 5/15
2025-08-09 01:05:10,797 - enhanced_sourcepull - INFO - Success rate: 33.3%
2025-08-09 01:05:10,797 - enhanced_sourcepull - INFO - Report saved: output/data/Enhanced_Sourcepull/enhanced_sourcepull_report_20250809_010510.json
2025-08-09 01:05:10,797 - enhanced_sourcepull - INFO - ======================================================================
