2025-08-09 13:13:19,722 - enhanced_sourcepull - INFO - ======================================================================
2025-08-09 13:13:19,722 - enhanced_sourcepull - INFO - ENHANCED SOURCEPULL WORKFLOW
2025-08-09 13:13:19,722 - enhanced_sourcepull - INFO - Stanford Law Review - Readable PDF Retrieval
2025-08-09 13:13:19,722 - enhanced_sourcepull - INFO - ======================================================================
2025-08-09 13:13:19,722 - enhanced_sourcepull - INFO - Step 1: Extracting footnotes from document...
2025-08-09 13:13:19,754 - enhanced_sourcepull - INFO -   Extracted 50 footnotes
2025-08-09 13:13:19,754 - enhanced_sourcepull - INFO - Step 2: Parsing citations with GPT...
2025-08-09 13:13:19,754 - enhanced_sourcepull - INFO -   Parsing footnote 1...
2025-08-09 13:13:22,139 - enhanced_sourcepull - INFO -     GPT failed, trying fallback parser...
2025-08-09 13:13:22,140 - enhanced_sourcepull - INFO -     Found 0 citations (confidence: 0.00)
2025-08-09 13:13:22,140 - enhanced_sourcepull - INFO -   Parsing footnote 2...
2025-08-09 13:13:23,910 - enhanced_sourcepull - INFO -     GPT failed, trying fallback parser...
2025-08-09 13:13:23,910 - enhanced_sourcepull - INFO -     Found 0 citations (confidence: 0.00)
2025-08-09 13:13:23,910 - enhanced_sourcepull - INFO -   Parsing footnote 3...
2025-08-09 13:13:25,880 - enhanced_sourcepull - INFO -     GPT failed, trying fallback parser...
2025-08-09 13:13:25,880 - enhanced_sourcepull - INFO -     Fallback found 4 citations
2025-08-09 13:13:25,880 - enhanced_sourcepull - INFO -     Found 4 citations (confidence: 0.70)
2025-08-09 13:13:25,880 - enhanced_sourcepull - INFO -   Parsing footnote 4...
2025-08-09 13:13:27,639 - enhanced_sourcepull - INFO -     GPT failed, trying fallback parser...
2025-08-09 13:13:27,639 - enhanced_sourcepull - INFO -     Fallback found 1 citations
2025-08-09 13:13:27,639 - enhanced_sourcepull - INFO -     Found 1 citations (confidence: 0.70)
2025-08-09 13:13:27,639 - enhanced_sourcepull - INFO -   Parsing footnote 5...
2025-08-09 13:13:29,363 - enhanced_sourcepull - INFO -     GPT failed, trying fallback parser...
2025-08-09 13:13:29,363 - enhanced_sourcepull - INFO -     Fallback found 1 citations
2025-08-09 13:13:29,363 - enhanced_sourcepull - INFO -     Found 1 citations (confidence: 0.70)
2025-08-09 13:13:29,363 - enhanced_sourcepull - INFO -   Parsing footnote 6...
2025-08-09 13:13:32,075 - enhanced_sourcepull - INFO -     GPT failed, trying fallback parser...
2025-08-09 13:13:32,075 - enhanced_sourcepull - INFO -     Found 0 citations (confidence: 0.00)
2025-08-09 13:13:32,075 - enhanced_sourcepull - INFO -   Parsing footnote 7...
2025-08-09 13:13:33,860 - enhanced_sourcepull - INFO -     GPT failed, trying fallback parser...
2025-08-09 13:13:33,860 - enhanced_sourcepull - INFO -     Found 0 citations (confidence: 0.00)
2025-08-09 13:13:33,860 - enhanced_sourcepull - INFO -   Parsing footnote 8...
2025-08-09 13:13:35,538 - enhanced_sourcepull - INFO -     GPT failed, trying fallback parser...
2025-08-09 13:13:35,538 - enhanced_sourcepull - INFO -     Found 0 citations (confidence: 0.00)
2025-08-09 13:13:35,538 - enhanced_sourcepull - INFO -   Parsing footnote 9...
2025-08-09 13:13:37,740 - enhanced_sourcepull - INFO -     GPT failed, trying fallback parser...
2025-08-09 13:13:37,740 - enhanced_sourcepull - INFO -     Found 0 citations (confidence: 0.00)
2025-08-09 13:13:37,741 - enhanced_sourcepull - INFO -   Parsing footnote 10...
2025-08-09 13:13:39,545 - enhanced_sourcepull - INFO -     GPT failed, trying fallback parser...
2025-08-09 13:13:39,545 - enhanced_sourcepull - INFO -     Found 0 citations (confidence: 0.00)
2025-08-09 13:13:39,545 - enhanced_sourcepull - INFO -   Parsing footnote 11...
2025-08-09 13:13:41,093 - enhanced_sourcepull - INFO -     GPT failed, trying fallback parser...
2025-08-09 13:13:41,093 - enhanced_sourcepull - INFO -     Fallback found 1 citations
2025-08-09 13:13:41,093 - enhanced_sourcepull - INFO -     Found 1 citations (confidence: 0.70)
2025-08-09 13:13:41,093 - enhanced_sourcepull - INFO -   Parsing footnote 12...
2025-08-09 13:13:42,906 - enhanced_sourcepull - INFO -     GPT failed, trying fallback parser...
2025-08-09 13:13:42,906 - enhanced_sourcepull - INFO -     Found 0 citations (confidence: 0.00)
2025-08-09 13:13:42,906 - enhanced_sourcepull - INFO -   Parsing footnote 13...
2025-08-09 13:13:44,631 - enhanced_sourcepull - INFO -     GPT failed, trying fallback parser...
2025-08-09 13:13:44,631 - enhanced_sourcepull - INFO -     Fallback found 1 citations
2025-08-09 13:13:44,631 - enhanced_sourcepull - INFO -     Found 1 citations (confidence: 0.70)
2025-08-09 13:13:44,631 - enhanced_sourcepull - INFO -   Parsing footnote 14...
2025-08-09 13:13:46,251 - enhanced_sourcepull - INFO -     GPT failed, trying fallback parser...
2025-08-09 13:13:46,251 - enhanced_sourcepull - INFO -     Found 0 citations (confidence: 0.00)
2025-08-09 13:13:46,251 - enhanced_sourcepull - INFO -   Parsing footnote 15...
2025-08-09 13:13:47,981 - enhanced_sourcepull - INFO -     GPT failed, trying fallback parser...
2025-08-09 13:13:47,982 - enhanced_sourcepull - INFO -     Found 0 citations (confidence: 0.00)
2025-08-09 13:13:47,982 - enhanced_sourcepull - INFO -   Parsing footnote 16...
2025-08-09 13:13:49,706 - enhanced_sourcepull - INFO -     GPT failed, trying fallback parser...
2025-08-09 13:13:49,706 - enhanced_sourcepull - INFO -     Found 0 citations (confidence: 0.00)
2025-08-09 13:13:49,706 - enhanced_sourcepull - INFO -   Parsing footnote 17...
2025-08-09 13:13:51,524 - enhanced_sourcepull - INFO -     GPT failed, trying fallback parser...
2025-08-09 13:13:51,524 - enhanced_sourcepull - INFO -     Found 0 citations (confidence: 0.00)
2025-08-09 13:13:51,524 - enhanced_sourcepull - INFO -   Parsing footnote 18...
2025-08-09 13:13:53,306 - enhanced_sourcepull - INFO -     GPT failed, trying fallback parser...
2025-08-09 13:13:53,306 - enhanced_sourcepull - INFO -     Fallback found 1 citations
2025-08-09 13:13:53,306 - enhanced_sourcepull - INFO -     Found 1 citations (confidence: 0.70)
2025-08-09 13:13:53,306 - enhanced_sourcepull - INFO -   Parsing footnote 19...
2025-08-09 13:13:55,102 - enhanced_sourcepull - INFO -     GPT failed, trying fallback parser...
2025-08-09 13:13:55,103 - enhanced_sourcepull - INFO -     Found 0 citations (confidence: 0.00)
2025-08-09 13:13:55,103 - enhanced_sourcepull - INFO -   Parsing footnote 20...
2025-08-09 13:13:57,136 - enhanced_sourcepull - INFO -     GPT failed, trying fallback parser...
2025-08-09 13:13:57,136 - enhanced_sourcepull - INFO -     Fallback found 1 citations
2025-08-09 13:13:57,137 - enhanced_sourcepull - INFO -     Found 1 citations (confidence: 0.70)
2025-08-09 13:13:57,137 - enhanced_sourcepull - INFO -   Parsing footnote 21...
2025-08-09 13:13:58,825 - enhanced_sourcepull - INFO -     GPT failed, trying fallback parser...
2025-08-09 13:13:58,826 - enhanced_sourcepull - INFO -     Fallback found 1 citations
2025-08-09 13:13:58,826 - enhanced_sourcepull - INFO -     Found 1 citations (confidence: 0.70)
2025-08-09 13:13:58,826 - enhanced_sourcepull - INFO -   Parsing footnote 22...
2025-08-09 13:14:00,589 - enhanced_sourcepull - INFO -     GPT failed, trying fallback parser...
2025-08-09 13:14:00,589 - enhanced_sourcepull - INFO -     Fallback found 1 citations
2025-08-09 13:14:00,589 - enhanced_sourcepull - INFO -     Found 1 citations (confidence: 0.70)
2025-08-09 13:14:00,589 - enhanced_sourcepull - INFO -   Parsing footnote 23...
2025-08-09 13:14:03,281 - enhanced_sourcepull - INFO -     GPT failed, trying fallback parser...
2025-08-09 13:14:03,281 - enhanced_sourcepull - INFO -     Fallback found 1 citations
2025-08-09 13:14:03,281 - enhanced_sourcepull - INFO -     Found 1 citations (confidence: 0.70)
2025-08-09 13:14:03,281 - enhanced_sourcepull - INFO -   Parsing footnote 24...
2025-08-09 13:14:04,897 - enhanced_sourcepull - INFO -     GPT failed, trying fallback parser...
2025-08-09 13:14:04,897 - enhanced_sourcepull - INFO -     Fallback found 1 citations
2025-08-09 13:14:04,897 - enhanced_sourcepull - INFO -     Found 1 citations (confidence: 0.70)
2025-08-09 13:14:04,897 - enhanced_sourcepull - INFO -   Parsing footnote 25...
2025-08-09 13:14:06,542 - enhanced_sourcepull - INFO -     GPT failed, trying fallback parser...
2025-08-09 13:14:06,542 - enhanced_sourcepull - INFO -     Fallback found 1 citations
2025-08-09 13:14:06,542 - enhanced_sourcepull - INFO -     Found 1 citations (confidence: 0.70)
2025-08-09 13:14:06,542 - enhanced_sourcepull - INFO -   Parsing footnote 26...
2025-08-09 13:14:08,309 - enhanced_sourcepull - INFO -     GPT failed, trying fallback parser...
2025-08-09 13:14:08,310 - enhanced_sourcepull - INFO -     Fallback found 1 citations
2025-08-09 13:14:08,310 - enhanced_sourcepull - INFO -     Found 1 citations (confidence: 0.70)
2025-08-09 13:14:08,310 - enhanced_sourcepull - INFO -   Parsing footnote 27...
2025-08-09 13:14:10,167 - enhanced_sourcepull - INFO -     GPT failed, trying fallback parser...
2025-08-09 13:14:10,168 - enhanced_sourcepull - INFO -     Found 0 citations (confidence: 0.00)
2025-08-09 13:14:10,168 - enhanced_sourcepull - INFO -   Parsing footnote 28...
2025-08-09 13:14:11,976 - enhanced_sourcepull - INFO -     GPT failed, trying fallback parser...
2025-08-09 13:14:11,976 - enhanced_sourcepull - INFO -     Fallback found 1 citations
2025-08-09 13:14:11,976 - enhanced_sourcepull - INFO -     Found 1 citations (confidence: 0.70)
2025-08-09 13:14:11,976 - enhanced_sourcepull - INFO -   Parsing footnote 29...
2025-08-09 13:14:13,781 - enhanced_sourcepull - INFO -     GPT failed, trying fallback parser...
2025-08-09 13:14:13,781 - enhanced_sourcepull - INFO -     Fallback found 1 citations
2025-08-09 13:14:13,781 - enhanced_sourcepull - INFO -     Found 1 citations (confidence: 0.70)
2025-08-09 13:14:13,781 - enhanced_sourcepull - INFO -   Parsing footnote 30...
2025-08-09 13:14:15,437 - enhanced_sourcepull - INFO -     GPT failed, trying fallback parser...
2025-08-09 13:14:15,437 - enhanced_sourcepull - INFO -     Fallback found 1 citations
2025-08-09 13:14:15,437 - enhanced_sourcepull - INFO -     Found 1 citations (confidence: 0.70)
2025-08-09 13:14:15,437 - enhanced_sourcepull - INFO -   Parsing footnote 31...
2025-08-09 13:14:17,228 - enhanced_sourcepull - INFO -     GPT failed, trying fallback parser...
2025-08-09 13:14:17,228 - enhanced_sourcepull - INFO -     Found 0 citations (confidence: 0.00)
2025-08-09 13:14:17,228 - enhanced_sourcepull - INFO -   Parsing footnote 32...
2025-08-09 13:14:19,026 - enhanced_sourcepull - INFO -     GPT failed, trying fallback parser...
2025-08-09 13:14:19,026 - enhanced_sourcepull - INFO -     Found 0 citations (confidence: 0.00)
2025-08-09 13:14:19,027 - enhanced_sourcepull - INFO -   Parsing footnote 33...
2025-08-09 13:14:20,590 - enhanced_sourcepull - INFO -     GPT failed, trying fallback parser...
2025-08-09 13:14:20,590 - enhanced_sourcepull - INFO -     Found 0 citations (confidence: 0.00)
2025-08-09 13:14:20,590 - enhanced_sourcepull - INFO -   Parsing footnote 34...
2025-08-09 13:14:22,507 - enhanced_sourcepull - INFO -     GPT failed, trying fallback parser...
2025-08-09 13:14:22,507 - enhanced_sourcepull - INFO -     Found 0 citations (confidence: 0.00)
2025-08-09 13:14:22,507 - enhanced_sourcepull - INFO -   Parsing footnote 35...
2025-08-09 13:14:24,143 - enhanced_sourcepull - INFO -     GPT failed, trying fallback parser...
2025-08-09 13:14:24,143 - enhanced_sourcepull - INFO -     Found 0 citations (confidence: 0.00)
2025-08-09 13:14:24,143 - enhanced_sourcepull - INFO -   Parsing footnote 36...
2025-08-09 13:14:25,908 - enhanced_sourcepull - INFO -     GPT failed, trying fallback parser...
2025-08-09 13:14:25,908 - enhanced_sourcepull - INFO -     Found 0 citations (confidence: 0.00)
2025-08-09 13:14:25,908 - enhanced_sourcepull - INFO -   Parsing footnote 37...
2025-08-09 13:14:27,665 - enhanced_sourcepull - INFO -     GPT failed, trying fallback parser...
2025-08-09 13:14:27,665 - enhanced_sourcepull - INFO -     Found 0 citations (confidence: 0.00)
2025-08-09 13:14:27,665 - enhanced_sourcepull - INFO -   Parsing footnote 38...
2025-08-09 13:14:29,297 - enhanced_sourcepull - INFO -     GPT failed, trying fallback parser...
2025-08-09 13:14:29,297 - enhanced_sourcepull - INFO -     Found 0 citations (confidence: 0.00)
2025-08-09 13:14:29,297 - enhanced_sourcepull - INFO -   Parsing footnote 39...
2025-08-09 13:14:30,912 - enhanced_sourcepull - INFO -     GPT failed, trying fallback parser...
2025-08-09 13:14:30,912 - enhanced_sourcepull - INFO -     Found 0 citations (confidence: 0.00)
2025-08-09 13:14:30,912 - enhanced_sourcepull - INFO -   Parsing footnote 40...
2025-08-09 13:14:32,438 - enhanced_sourcepull - INFO -     GPT failed, trying fallback parser...
2025-08-09 13:14:32,438 - enhanced_sourcepull - INFO -     Found 0 citations (confidence: 0.00)
2025-08-09 13:14:32,438 - enhanced_sourcepull - INFO -   Parsing footnote 41...
2025-08-09 13:14:34,021 - enhanced_sourcepull - INFO -     GPT failed, trying fallback parser...
2025-08-09 13:14:34,021 - enhanced_sourcepull - INFO -     Fallback found 1 citations
2025-08-09 13:14:34,021 - enhanced_sourcepull - INFO -     Found 1 citations (confidence: 0.70)
2025-08-09 13:14:34,021 - enhanced_sourcepull - INFO -   Parsing footnote 42...
2025-08-09 13:14:35,838 - enhanced_sourcepull - INFO -     GPT failed, trying fallback parser...
2025-08-09 13:14:35,838 - enhanced_sourcepull - INFO -     Found 0 citations (confidence: 0.00)
2025-08-09 13:14:35,838 - enhanced_sourcepull - INFO -   Parsing footnote 43...
2025-08-09 13:14:37,507 - enhanced_sourcepull - INFO -     GPT failed, trying fallback parser...
2025-08-09 13:14:37,507 - enhanced_sourcepull - INFO -     Found 0 citations (confidence: 0.00)
2025-08-09 13:14:37,507 - enhanced_sourcepull - INFO -   Parsing footnote 44...
2025-08-09 13:14:39,264 - enhanced_sourcepull - INFO -     GPT failed, trying fallback parser...
2025-08-09 13:14:39,264 - enhanced_sourcepull - INFO -     Found 0 citations (confidence: 0.00)
2025-08-09 13:14:39,264 - enhanced_sourcepull - INFO -   Parsing footnote 45...
2025-08-09 13:14:40,853 - enhanced_sourcepull - INFO -     GPT failed, trying fallback parser...
2025-08-09 13:14:40,853 - enhanced_sourcepull - INFO -     Found 0 citations (confidence: 0.00)
2025-08-09 13:14:40,853 - enhanced_sourcepull - INFO -   Parsing footnote 46...
2025-08-09 13:14:42,823 - enhanced_sourcepull - INFO -     GPT failed, trying fallback parser...
2025-08-09 13:14:42,823 - enhanced_sourcepull - INFO -     Fallback found 1 citations
2025-08-09 13:14:42,823 - enhanced_sourcepull - INFO -     Found 1 citations (confidence: 0.70)
2025-08-09 13:14:42,823 - enhanced_sourcepull - INFO -   Parsing footnote 47...
2025-08-09 13:14:44,506 - enhanced_sourcepull - INFO -     GPT failed, trying fallback parser...
2025-08-09 13:14:44,506 - enhanced_sourcepull - INFO -     Found 0 citations (confidence: 0.00)
2025-08-09 13:14:44,506 - enhanced_sourcepull - INFO -   Parsing footnote 48...
2025-08-09 13:14:46,156 - enhanced_sourcepull - INFO -     GPT failed, trying fallback parser...
2025-08-09 13:14:46,156 - enhanced_sourcepull - INFO -     Found 0 citations (confidence: 0.00)
2025-08-09 13:14:46,156 - enhanced_sourcepull - INFO -   Parsing footnote 49...
2025-08-09 13:14:47,825 - enhanced_sourcepull - INFO -     GPT failed, trying fallback parser...
2025-08-09 13:14:47,825 - enhanced_sourcepull - INFO -     Found 0 citations (confidence: 0.00)
2025-08-09 13:14:47,825 - enhanced_sourcepull - INFO -   Parsing footnote 50...
2025-08-09 13:14:49,489 - enhanced_sourcepull - INFO -     GPT failed, trying fallback parser...
2025-08-09 13:14:49,489 - enhanced_sourcepull - INFO -     Found 0 citations (confidence: 0.00)
2025-08-09 13:14:49,489 - enhanced_sourcepull - INFO -   Total citations identified: 21
2025-08-09 13:14:49,489 - enhanced_sourcepull - INFO - Step 3: Retrieving readable PDFs...
2025-08-09 13:14:49,489 - enhanced_sourcepull - INFO -   Retrieving: fn3_usc_21_355(c)(3)(C)
2025-08-09 13:14:50,172 - enhanced_sourcepull - INFO -     ✗ Failed: All retrieval sources failed
2025-08-09 13:14:50,172 - enhanced_sourcepull - INFO -   Retrieving: fn3_fed_919_1333
2025-08-09 13:14:51,580 - enhanced_sourcepull - INFO -     ✓ Retrieved 5p PDF from supreme_court_official
2025-08-09 13:14:51,580 - enhanced_sourcepull - INFO -   Retrieving: fn3_fed_785_625
2025-08-09 13:14:51,658 - enhanced_sourcepull - INFO -     ✓ Retrieved 5p PDF from supreme_court_official
2025-08-09 13:14:51,658 - enhanced_sourcepull - INFO -   Retrieving: fn3_fed_633_1042
2025-08-09 13:14:51,727 - enhanced_sourcepull - INFO -     ✓ Retrieved 5p PDF from supreme_court_official
2025-08-09 13:14:51,727 - enhanced_sourcepull - INFO -   Retrieving: fn4_fed_7_1320
2025-08-09 13:14:51,727 - enhanced_sourcepull - INFO -     ✗ Failed: All retrieval sources failed
2025-08-09 13:14:51,727 - enhanced_sourcepull - INFO -   Retrieving: fn5_fed_316_1348
2025-08-09 13:14:51,727 - enhanced_sourcepull - INFO -     ✗ Failed: All retrieval sources failed
2025-08-09 13:14:51,727 - enhanced_sourcepull - INFO -   Retrieving: fn11_usc_21_321(m)_
2025-08-09 13:14:52,086 - enhanced_sourcepull - INFO -     ✗ Failed: All retrieval sources failed
2025-08-09 13:14:52,086 - enhanced_sourcepull - INFO -   Retrieving: fn13_cfr_21_201_57
2025-08-09 13:14:52,086 - enhanced_sourcepull - INFO -     ✗ Failed: All retrieval sources failed
2025-08-09 13:14:52,086 - enhanced_sourcepull - INFO -   Retrieving: fn18_usc_35_271(e)(2)(A)_
2025-08-09 13:14:52,426 - enhanced_sourcepull - INFO -     ✗ Failed: All retrieval sources failed
2025-08-09 13:14:52,426 - enhanced_sourcepull - INFO -   Retrieving: fn20_usc_21_355(j)(2)(A)(i)_
2025-08-09 13:14:52,793 - enhanced_sourcepull - INFO -     ✗ Failed: All retrieval sources failed
2025-08-09 13:14:52,793 - enhanced_sourcepull - INFO -   Retrieving: fn21_usc_35_271(b)
2025-08-09 13:14:53,147 - enhanced_sourcepull - INFO -     ✗ Failed: All retrieval sources failed
2025-08-09 13:14:53,147 - enhanced_sourcepull - INFO -   Retrieving: fn22_usc_21_355(j)(2)(A)(viii)_
2025-08-09 13:14:53,548 - enhanced_sourcepull - INFO -     ✗ Failed: All retrieval sources failed
2025-08-09 13:14:53,548 - enhanced_sourcepull - INFO -   Retrieving: fn23_us_566_399
2025-08-09 13:14:53,822 - enhanced_sourcepull - INFO -     ✓ Retrieved 940p PDF from supreme_court_official
2025-08-09 13:14:53,822 - enhanced_sourcepull - INFO -   Retrieving: fn24_fed_930_72
2025-08-09 13:14:53,885 - enhanced_sourcepull - INFO -     ✓ Retrieved 5p PDF from supreme_court_official
2025-08-09 13:14:53,885 - enhanced_sourcepull - INFO -   Retrieving: fn25_usc_28_1295(a)(1)_
2025-08-09 13:14:54,176 - enhanced_sourcepull - INFO -     ✗ Failed: All retrieval sources failed
2025-08-09 13:14:54,176 - enhanced_sourcepull - INFO -   Retrieving: fn26_fed_7_1320
2025-08-09 13:14:54,176 - enhanced_sourcepull - INFO -     ✗ Failed: All retrieval sources failed
2025-08-09 13:14:54,176 - enhanced_sourcepull - INFO -   Retrieving: fn28_fed_316_1348
2025-08-09 13:14:54,176 - enhanced_sourcepull - INFO -     ✗ Failed: All retrieval sources failed
2025-08-09 13:14:54,177 - enhanced_sourcepull - INFO -   Retrieving: fn29_fed_4_1360
2025-08-09 13:14:54,177 - enhanced_sourcepull - INFO -     ✗ Failed: All retrieval sources failed
2025-08-09 13:14:54,177 - enhanced_sourcepull - INFO -   Retrieving: fn30_fed_104_1370
2025-08-09 13:14:54,177 - enhanced_sourcepull - INFO -     ✗ Failed: All retrieval sources failed
2025-08-09 13:14:54,177 - enhanced_sourcepull - INFO -   Retrieving: fn41_usc_21_3
2025-08-09 13:14:54,496 - enhanced_sourcepull - INFO -     ✗ Failed: All retrieval sources failed
2025-08-09 13:14:54,496 - enhanced_sourcepull - INFO -   Retrieving: fn46_cfr_21_201_56(d)(1)_
2025-08-09 13:14:54,496 - enhanced_sourcepull - INFO -     ✗ Failed: All retrieval sources failed
2025-08-09 13:14:54,497 - enhanced_sourcepull - INFO - Step 4: Generating final report...
2025-08-09 13:14:54,497 - enhanced_sourcepull - INFO - ======================================================================
2025-08-09 13:14:54,498 - enhanced_sourcepull - INFO - WORKFLOW COMPLETE
2025-08-09 13:14:54,498 - enhanced_sourcepull - INFO - ======================================================================
2025-08-09 13:14:54,498 - enhanced_sourcepull - INFO - Footnotes processed: 50
2025-08-09 13:14:54,498 - enhanced_sourcepull - INFO - Citations identified: 21
2025-08-09 13:14:54,498 - enhanced_sourcepull - INFO - PDFs retrieved: 5/21
2025-08-09 13:14:54,498 - enhanced_sourcepull - INFO - Success rate: 23.8%
2025-08-09 13:14:54,498 - enhanced_sourcepull - INFO - Report saved: output/data/Enhanced_Sourcepull/enhanced_sourcepull_report_20250809_131454.json
2025-08-09 13:14:54,498 - enhanced_sourcepull - INFO - ======================================================================
