2025-08-09 15:50:49,535 - enhanced_sourcepull - INFO - ======================================================================
2025-08-09 15:50:49,535 - enhanced_sourcepull - INFO - ENHANCED SOURCEPULL WORKFLOW
2025-08-09 15:50:49,535 - enhanced_sourcepull - INFO - Stanford Law Review - Readable PDF Retrieval
2025-08-09 15:50:49,535 - enhanced_sourcepull - INFO - ======================================================================
2025-08-09 15:50:49,535 - enhanced_sourcepull - INFO - Step 1: Extracting footnotes from document...
2025-08-09 15:50:49,567 - enhanced_sourcepull - INFO -   Extracted 1 footnotes
2025-08-09 15:50:49,567 - enhanced_sourcepull - INFO - Step 2: Parsing citations with GPT...
2025-08-09 15:50:49,567 - enhanced_sourcepull - INFO -   Parsing footnote 3...
2025-08-09 15:50:55,339 - enhanced_sourcepull - INFO -     Found 4 citations (confidence: 0.95)
2025-08-09 15:50:55,339 - enhanced_sourcepull - INFO -   Total citations identified: 4
2025-08-09 15:50:55,339 - enhanced_sourcepull - INFO - Step 3: Retrieving readable PDFs...
2025-08-09 15:50:55,339 - enhanced_sourcepull - INFO -   Retrieving: 1
2025-08-09 15:50:56,002 - enhanced_sourcepull - INFO -     ✗ Failed: All retrieval sources failed
2025-08-09 15:50:56,003 - enhanced_sourcepull - INFO -   Retrieving: 2
2025-08-09 15:50:56,833 - enhanced_sourcepull - INFO -     ✓ Retrieved 29p PDF from courtlistener_pdf
2025-08-09 15:50:56,833 - enhanced_sourcepull - INFO -   Retrieving: 3
2025-08-09 15:50:59,799 - enhanced_sourcepull - INFO -     ✗ Failed: All retrieval sources failed
2025-08-09 15:50:59,800 - enhanced_sourcepull - INFO -   Retrieving: 4
2025-08-09 15:51:00,856 - enhanced_sourcepull - INFO -     ✗ Failed: All retrieval sources failed
2025-08-09 15:51:00,856 - enhanced_sourcepull - INFO - Step 4: Generating final report...
2025-08-09 15:51:00,859 - enhanced_sourcepull - INFO - ======================================================================
2025-08-09 15:51:00,859 - enhanced_sourcepull - INFO - WORKFLOW COMPLETE
2025-08-09 15:51:00,860 - enhanced_sourcepull - INFO - ======================================================================
2025-08-09 15:51:00,860 - enhanced_sourcepull - INFO - Footnotes processed: 1
2025-08-09 15:51:00,860 - enhanced_sourcepull - INFO - Citations identified: 4
2025-08-09 15:51:00,860 - enhanced_sourcepull - INFO - PDFs retrieved: 1/4
2025-08-09 15:51:00,860 - enhanced_sourcepull - INFO - Success rate: 25.0%
2025-08-09 15:51:00,860 - enhanced_sourcepull - INFO - Report saved: output/data/Enhanced_Sourcepull/enhanced_sourcepull_report_20250809_155100.json
2025-08-09 15:51:00,860 - enhanced_sourcepull - INFO - ======================================================================
