2025-08-09 00:49:07,594 - enhanced_sourcepull - INFO - ======================================================================
2025-08-09 00:49:07,594 - enhanced_sourcepull - INFO - ENHANCED SOURCEPULL WORKFLOW
2025-08-09 00:49:07,594 - enhanced_sourcepull - INFO - Stanford Law Review - Readable PDF Retrieval
2025-08-09 00:49:07,594 - enhanced_sourcepull - INFO - ======================================================================
2025-08-09 00:49:07,594 - enhanced_sourcepull - INFO - Step 1: Extracting footnotes from document...
2025-08-09 00:49:07,627 - enhanced_sourcepull - INFO -   Extracted 2 footnotes
2025-08-09 00:49:07,627 - enhanced_sourcepull - INFO - Step 2: Parsing citations with GPT...
2025-08-09 00:49:07,627 - enhanced_sourcepull - INFO -   Parsing footnote 20...
2025-08-09 00:49:09,518 - enhanced_sourcepull - INFO -     GPT failed, trying fallback parser...
2025-08-09 00:49:09,518 - enhanced_sourcepull - INFO -     Fallback found 1 citations
2025-08-09 00:49:09,518 - enhanced_sourcepull - INFO -     Found 1 citations (confidence: 0.70)
2025-08-09 00:49:09,518 - enhanced_sourcepull - INFO -   Parsing footnote 21...
2025-08-09 00:49:11,134 - enhanced_sourcepull - INFO -     GPT failed, trying fallback parser...
2025-08-09 00:49:11,135 - enhanced_sourcepull - INFO -     Fallback found 1 citations
2025-08-09 00:49:11,135 - enhanced_sourcepull - INFO -     Found 1 citations (confidence: 0.70)
2025-08-09 00:49:11,135 - enhanced_sourcepull - INFO -   Total citations identified: 2
2025-08-09 00:49:11,135 - enhanced_sourcepull - INFO - Step 3: Retrieving readable PDFs...
2025-08-09 00:49:11,135 - enhanced_sourcepull - INFO -   Retrieving: fn20_usc_21_355(j)(2)(A)(i)_
2025-08-09 00:49:11,843 - enhanced_sourcepull - INFO -     ✗ Failed: All retrieval sources failed
2025-08-09 00:49:11,844 - enhanced_sourcepull - INFO -   Retrieving: fn21_usc_35_271(b)
2025-08-09 00:49:12,144 - enhanced_sourcepull - INFO -     ✗ Failed: All retrieval sources failed
2025-08-09 00:49:12,144 - enhanced_sourcepull - INFO - Step 4: Generating final report...
2025-08-09 00:49:12,145 - enhanced_sourcepull - INFO - ======================================================================
2025-08-09 00:49:12,146 - enhanced_sourcepull - INFO - WORKFLOW COMPLETE
2025-08-09 00:49:12,146 - enhanced_sourcepull - INFO - ======================================================================
2025-08-09 00:49:12,146 - enhanced_sourcepull - INFO - Footnotes processed: 2
2025-08-09 00:49:12,146 - enhanced_sourcepull - INFO - Citations identified: 2
2025-08-09 00:49:12,146 - enhanced_sourcepull - INFO - PDFs retrieved: 0/2
2025-08-09 00:49:12,146 - enhanced_sourcepull - INFO - Success rate: 0.0%
2025-08-09 00:49:12,147 - enhanced_sourcepull - INFO - Report saved: output/data/Enhanced_Sourcepull/enhanced_sourcepull_report_20250809_004912.json
2025-08-09 00:49:12,147 - enhanced_sourcepull - INFO - ======================================================================
