2025-08-09 01:02:46,242 - enhanced_sourcepull - INFO - ======================================================================
2025-08-09 01:02:46,242 - enhanced_sourcepull - INFO - ENHANCED SOURCEPULL WORKFLOW
2025-08-09 01:02:46,243 - enhanced_sourcepull - INFO - Stanford Law Review - Readable PDF Retrieval
2025-08-09 01:02:46,243 - enhanced_sourcepull - INFO - ======================================================================
2025-08-09 01:02:46,243 - enhanced_sourcepull - INFO - Step 1: Extracting footnotes from document...
2025-08-09 01:02:46,274 - enhanced_sourcepull - INFO -   Extracted 11 footnotes
2025-08-09 01:02:46,275 - enhanced_sourcepull - INFO - Step 2: Parsing citations with GPT...
2025-08-09 01:02:46,275 - enhanced_sourcepull - INFO -   Parsing footnote 30...
2025-08-09 01:02:48,266 - enhanced_sourcepull - INFO -     GPT failed, trying fallback parser...
2025-08-09 01:02:48,266 - enhanced_sourcepull - INFO -     Found 0 citations (confidence: 0.00)
2025-08-09 01:02:48,266 - enhanced_sourcepull - INFO -   Parsing footnote 31...
2025-08-09 01:02:50,009 - enhanced_sourcepull - INFO -     GPT failed, trying fallback parser...
2025-08-09 01:02:50,009 - enhanced_sourcepull - INFO -     Found 0 citations (confidence: 0.00)
2025-08-09 01:02:50,009 - enhanced_sourcepull - INFO -   Parsing footnote 32...
2025-08-09 01:02:51,641 - enhanced_sourcepull - INFO -     GPT failed, trying fallback parser...
2025-08-09 01:02:51,641 - enhanced_sourcepull - INFO -     Found 0 citations (confidence: 0.00)
2025-08-09 01:02:51,641 - enhanced_sourcepull - INFO -   Parsing footnote 33...
2025-08-09 01:02:53,148 - enhanced_sourcepull - INFO -     GPT failed, trying fallback parser...
2025-08-09 01:02:53,148 - enhanced_sourcepull - INFO -     Found 0 citations (confidence: 0.00)
2025-08-09 01:02:53,148 - enhanced_sourcepull - INFO -   Parsing footnote 34...
2025-08-09 01:02:54,839 - enhanced_sourcepull - INFO -     GPT failed, trying fallback parser...
2025-08-09 01:02:54,839 - enhanced_sourcepull - INFO -     Found 0 citations (confidence: 0.00)
2025-08-09 01:02:54,839 - enhanced_sourcepull - INFO -   Parsing footnote 35...
2025-08-09 01:02:56,574 - enhanced_sourcepull - INFO -     GPT failed, trying fallback parser...
2025-08-09 01:02:56,575 - enhanced_sourcepull - INFO -     Found 0 citations (confidence: 0.00)
2025-08-09 01:02:56,575 - enhanced_sourcepull - INFO -   Parsing footnote 36...
2025-08-09 01:02:58,437 - enhanced_sourcepull - INFO -     GPT failed, trying fallback parser...
2025-08-09 01:02:58,437 - enhanced_sourcepull - INFO -     Found 0 citations (confidence: 0.00)
2025-08-09 01:02:58,437 - enhanced_sourcepull - INFO -   Parsing footnote 37...
2025-08-09 01:03:00,480 - enhanced_sourcepull - INFO -     GPT failed, trying fallback parser...
2025-08-09 01:03:00,480 - enhanced_sourcepull - INFO -     Found 0 citations (confidence: 0.00)
2025-08-09 01:03:00,480 - enhanced_sourcepull - INFO -   Parsing footnote 38...
2025-08-09 01:03:02,180 - enhanced_sourcepull - INFO -     GPT failed, trying fallback parser...
2025-08-09 01:03:02,180 - enhanced_sourcepull - INFO -     Found 0 citations (confidence: 0.00)
2025-08-09 01:03:02,180 - enhanced_sourcepull - INFO -   Parsing footnote 39...
2025-08-09 01:03:03,846 - enhanced_sourcepull - INFO -     GPT failed, trying fallback parser...
2025-08-09 01:03:03,846 - enhanced_sourcepull - INFO -     Found 0 citations (confidence: 0.00)
2025-08-09 01:03:03,846 - enhanced_sourcepull - INFO -   Parsing footnote 40...
2025-08-09 01:03:05,532 - enhanced_sourcepull - INFO -     GPT failed, trying fallback parser...
2025-08-09 01:03:05,533 - enhanced_sourcepull - INFO -     Found 0 citations (confidence: 0.00)
2025-08-09 01:03:05,533 - enhanced_sourcepull - INFO -   Total citations identified: 0
2025-08-09 01:03:05,533 - enhanced_sourcepull - INFO - Step 3: Retrieving readable PDFs...
2025-08-09 01:03:05,533 - enhanced_sourcepull - INFO - Step 4: Generating final report...
2025-08-09 01:03:05,534 - enhanced_sourcepull - INFO - ======================================================================
2025-08-09 01:03:05,534 - enhanced_sourcepull - INFO - WORKFLOW COMPLETE
2025-08-09 01:03:05,534 - enhanced_sourcepull - INFO - ======================================================================
2025-08-09 01:03:05,534 - enhanced_sourcepull - INFO - Footnotes processed: 11
2025-08-09 01:03:05,535 - enhanced_sourcepull - INFO - Citations identified: 0
2025-08-09 01:03:05,535 - enhanced_sourcepull - INFO - PDFs retrieved: 0/0
2025-08-09 01:03:05,535 - enhanced_sourcepull - INFO - Success rate: 0.0%
2025-08-09 01:03:05,535 - enhanced_sourcepull - INFO - Report saved: output/data/Enhanced_Sourcepull/enhanced_sourcepull_report_20250809_010305.json
2025-08-09 01:03:05,535 - enhanced_sourcepull - INFO - ======================================================================
