2025-08-09 15:48:33,430 - enhanced_sourcepull - INFO - ======================================================================
2025-08-09 15:48:33,431 - enhanced_sourcepull - INFO - ENHANCED SOURCEPULL WORKFLOW
2025-08-09 15:48:33,431 - enhanced_sourcepull - INFO - Stanford Law Review - Readable PDF Retrieval
2025-08-09 15:48:33,431 - enhanced_sourcepull - INFO - ======================================================================
2025-08-09 15:48:33,431 - enhanced_sourcepull - INFO - Step 1: Extracting footnotes from document...
2025-08-09 15:48:33,466 - enhanced_sourcepull - INFO -   Extracted 1 footnotes
2025-08-09 15:48:33,466 - enhanced_sourcepull - INFO - Step 2: Parsing citations with GPT...
2025-08-09 15:48:33,466 - enhanced_sourcepull - INFO -   Parsing footnote 3...
2025-08-09 15:48:41,634 - enhanced_sourcepull - INFO -     Found 4 citations (confidence: 0.95)
2025-08-09 15:48:41,634 - enhanced_sourcepull - INFO -   Total citations identified: 4
2025-08-09 15:48:41,634 - enhanced_sourcepull - INFO - Step 3: Retrieving readable PDFs...
2025-08-09 15:48:41,634 - enhanced_sourcepull - INFO -   Retrieving: 1
2025-08-09 15:48:42,346 - enhanced_sourcepull - INFO -     ✗ Failed: All retrieval sources failed
2025-08-09 15:48:42,346 - enhanced_sourcepull - INFO -   Retrieving: 2
2025-08-09 15:48:43,197 - enhanced_sourcepull - INFO -     ✗ Failed: All retrieval sources failed
2025-08-09 15:48:43,198 - enhanced_sourcepull - INFO -   Retrieving: 3
2025-08-09 15:48:46,857 - enhanced_sourcepull - INFO -     ✗ Failed: All retrieval sources failed
2025-08-09 15:48:46,857 - enhanced_sourcepull - INFO -   Retrieving: 4
2025-08-09 15:48:47,431 - enhanced_sourcepull - INFO -     ✗ Failed: All retrieval sources failed
2025-08-09 15:48:47,431 - enhanced_sourcepull - INFO - Step 4: Generating final report...
2025-08-09 15:48:47,432 - enhanced_sourcepull - INFO - ======================================================================
2025-08-09 15:48:47,432 - enhanced_sourcepull - INFO - WORKFLOW COMPLETE
2025-08-09 15:48:47,432 - enhanced_sourcepull - INFO - ======================================================================
2025-08-09 15:48:47,432 - enhanced_sourcepull - INFO - Footnotes processed: 1
2025-08-09 15:48:47,432 - enhanced_sourcepull - INFO - Citations identified: 4
2025-08-09 15:48:47,432 - enhanced_sourcepull - INFO - PDFs retrieved: 0/4
2025-08-09 15:48:47,432 - enhanced_sourcepull - INFO - Success rate: 0.0%
2025-08-09 15:48:47,432 - enhanced_sourcepull - INFO - Report saved: output/data/Enhanced_Sourcepull/enhanced_sourcepull_report_20250809_154847.json
2025-08-09 15:48:47,433 - enhanced_sourcepull - INFO - ======================================================================
