2025-08-09 00:46:35,859 - enhanced_sourcepull - INFO - ======================================================================
2025-08-09 00:46:35,859 - enhanced_sourcepull - INFO - ENHANCED SOURCEPULL WORKFLOW
2025-08-09 00:46:35,859 - enhanced_sourcepull - INFO - Stanford Law Review - Readable PDF Retrieval
2025-08-09 00:46:35,859 - enhanced_sourcepull - INFO - ======================================================================
2025-08-09 00:46:35,859 - enhanced_sourcepull - INFO - Step 1: Extracting footnotes from document...
2025-08-09 00:46:35,893 - enhanced_sourcepull - INFO -   Extracted 3 footnotes
2025-08-09 00:46:35,893 - enhanced_sourcepull - INFO - Step 2: Parsing citations with GPT...
2025-08-09 00:46:35,893 - enhanced_sourcepull - INFO -   Parsing footnote 20...
2025-08-09 00:46:37,769 - enhanced_sourcepull - INFO -     GPT failed, trying fallback parser...
2025-08-09 00:46:37,769 - enhanced_sourcepull - INFO -     Fallback found 1 citations
2025-08-09 00:46:37,769 - enhanced_sourcepull - INFO -     Found 1 citations (confidence: 0.70)
2025-08-09 00:46:37,769 - enhanced_sourcepull - INFO -   Parsing footnote 21...
2025-08-09 00:46:39,306 - enhanced_sourcepull - INFO -     GPT failed, trying fallback parser...
2025-08-09 00:46:39,307 - enhanced_sourcepull - INFO -     Fallback found 1 citations
2025-08-09 00:46:39,307 - enhanced_sourcepull - INFO -     Found 1 citations (confidence: 0.70)
2025-08-09 00:46:39,307 - enhanced_sourcepull - INFO -   Parsing footnote 22...
2025-08-09 00:46:41,084 - enhanced_sourcepull - INFO -     GPT failed, trying fallback parser...
2025-08-09 00:46:41,084 - enhanced_sourcepull - INFO -     Fallback found 1 citations
2025-08-09 00:46:41,084 - enhanced_sourcepull - INFO -     Found 1 citations (confidence: 0.70)
2025-08-09 00:46:41,084 - enhanced_sourcepull - INFO -   Total citations identified: 3
2025-08-09 00:46:41,084 - enhanced_sourcepull - INFO - Step 3: Retrieving readable PDFs...
2025-08-09 00:46:41,085 - enhanced_sourcepull - INFO -   Retrieving: fn20_usc_21_355(j)(2)(A)(i)_
2025-08-09 00:46:41,085 - enhanced_sourcepull - INFO -     ✗ Failed: All retrieval sources failed
2025-08-09 00:46:41,085 - enhanced_sourcepull - INFO -   Retrieving: fn21_usc_35_271(b)
2025-08-09 00:46:41,085 - enhanced_sourcepull - INFO -     ✗ Failed: All retrieval sources failed
2025-08-09 00:46:41,085 - enhanced_sourcepull - INFO -   Retrieving: fn22_usc_21_355(j)(2)(A)(viii)_
2025-08-09 00:46:41,085 - enhanced_sourcepull - INFO -     ✗ Failed: All retrieval sources failed
2025-08-09 00:46:41,085 - enhanced_sourcepull - INFO - Step 4: Generating final report...
2025-08-09 00:46:41,086 - enhanced_sourcepull - INFO - ======================================================================
2025-08-09 00:46:41,087 - enhanced_sourcepull - INFO - WORKFLOW COMPLETE
2025-08-09 00:46:41,087 - enhanced_sourcepull - INFO - ======================================================================
2025-08-09 00:46:41,087 - enhanced_sourcepull - INFO - Footnotes processed: 3
2025-08-09 00:46:41,087 - enhanced_sourcepull - INFO - Citations identified: 3
2025-08-09 00:46:41,087 - enhanced_sourcepull - INFO - PDFs retrieved: 0/3
2025-08-09 00:46:41,087 - enhanced_sourcepull - INFO - Success rate: 0.0%
2025-08-09 00:46:41,087 - enhanced_sourcepull - INFO - Report saved: output/data/Enhanced_Sourcepull/enhanced_sourcepull_report_20250809_004641.json
2025-08-09 00:46:41,087 - enhanced_sourcepull - INFO - ======================================================================
