2025-08-09 13:05:04,576 - enhanced_sourcepull - INFO - ======================================================================
2025-08-09 13:05:04,576 - enhanced_sourcepull - INFO - ENHANCED SOURCEPULL WORKFLOW
2025-08-09 13:05:04,576 - enhanced_sourcepull - INFO - Stanford Law Review - Readable PDF Retrieval
2025-08-09 13:05:04,576 - enhanced_sourcepull - INFO - ======================================================================
2025-08-09 13:05:04,576 - enhanced_sourcepull - INFO - Step 1: Extracting footnotes from document...
2025-08-09 13:05:04,629 - enhanced_sourcepull - INFO -   Extracted 50 footnotes
2025-08-09 13:05:04,629 - enhanced_sourcepull - INFO - Step 2: Parsing citations with GPT...
2025-08-09 13:05:04,629 - enhanced_sourcepull - INFO -   Parsing footnote 1...
2025-08-09 13:05:05,412 - enhanced_sourcepull - INFO -     GPT failed, trying fallback parser...
2025-08-09 13:05:05,412 - enhanced_sourcepull - INFO -     Found 0 citations (confidence: 0.00)
2025-08-09 13:05:05,412 - enhanced_sourcepull - INFO -   Parsing footnote 2...
2025-08-09 13:05:05,832 - enhanced_sourcepull - INFO -     GPT failed, trying fallback parser...
2025-08-09 13:05:05,832 - enhanced_sourcepull - INFO -     Found 0 citations (confidence: 0.00)
2025-08-09 13:05:05,832 - enhanced_sourcepull - INFO -   Parsing footnote 3...
2025-08-09 13:05:05,961 - enhanced_sourcepull - INFO -     GPT failed, trying fallback parser...
2025-08-09 13:05:05,962 - enhanced_sourcepull - INFO -     Fallback found 4 citations
2025-08-09 13:05:05,962 - enhanced_sourcepull - INFO -     Found 4 citations (confidence: 0.70)
2025-08-09 13:05:05,962 - enhanced_sourcepull - INFO -   Parsing footnote 4...
2025-08-09 13:05:07,626 - enhanced_sourcepull - INFO -     GPT failed, trying fallback parser...
2025-08-09 13:05:07,626 - enhanced_sourcepull - INFO -     Fallback found 1 citations
2025-08-09 13:05:07,626 - enhanced_sourcepull - INFO -     Found 1 citations (confidence: 0.70)
2025-08-09 13:05:07,626 - enhanced_sourcepull - INFO -   Parsing footnote 5...
2025-08-09 13:05:09,294 - enhanced_sourcepull - INFO -     GPT failed, trying fallback parser...
2025-08-09 13:05:09,294 - enhanced_sourcepull - INFO -     Fallback found 1 citations
2025-08-09 13:05:09,294 - enhanced_sourcepull - INFO -     Found 1 citations (confidence: 0.70)
2025-08-09 13:05:09,294 - enhanced_sourcepull - INFO -   Parsing footnote 6...
2025-08-09 13:05:09,647 - enhanced_sourcepull - INFO -     GPT failed, trying fallback parser...
2025-08-09 13:05:09,648 - enhanced_sourcepull - INFO -     Found 0 citations (confidence: 0.00)
2025-08-09 13:05:09,648 - enhanced_sourcepull - INFO -   Parsing footnote 7...
2025-08-09 13:05:10,415 - enhanced_sourcepull - INFO -     GPT failed, trying fallback parser...
2025-08-09 13:05:10,415 - enhanced_sourcepull - INFO -     Found 0 citations (confidence: 0.00)
2025-08-09 13:05:10,415 - enhanced_sourcepull - INFO -   Parsing footnote 8...
2025-08-09 13:05:10,544 - enhanced_sourcepull - INFO -     GPT failed, trying fallback parser...
2025-08-09 13:05:10,545 - enhanced_sourcepull - INFO -     Found 0 citations (confidence: 0.00)
2025-08-09 13:05:10,545 - enhanced_sourcepull - INFO -   Parsing footnote 9...
2025-08-09 13:05:10,666 - enhanced_sourcepull - INFO -     GPT failed, trying fallback parser...
2025-08-09 13:05:10,666 - enhanced_sourcepull - INFO -     Found 0 citations (confidence: 0.00)
2025-08-09 13:05:10,666 - enhanced_sourcepull - INFO -   Parsing footnote 10...
2025-08-09 13:05:10,805 - enhanced_sourcepull - INFO -     GPT failed, trying fallback parser...
2025-08-09 13:05:10,805 - enhanced_sourcepull - INFO -     Found 0 citations (confidence: 0.00)
2025-08-09 13:05:10,805 - enhanced_sourcepull - INFO -   Parsing footnote 11...
2025-08-09 13:05:11,303 - enhanced_sourcepull - INFO -     GPT failed, trying fallback parser...
2025-08-09 13:05:11,303 - enhanced_sourcepull - INFO -     Fallback found 1 citations
2025-08-09 13:05:11,303 - enhanced_sourcepull - INFO -     Found 1 citations (confidence: 0.70)
2025-08-09 13:05:11,303 - enhanced_sourcepull - INFO -   Parsing footnote 12...
2025-08-09 13:05:11,434 - enhanced_sourcepull - INFO -     GPT failed, trying fallback parser...
2025-08-09 13:05:11,434 - enhanced_sourcepull - INFO -     Found 0 citations (confidence: 0.00)
2025-08-09 13:05:11,434 - enhanced_sourcepull - INFO -   Parsing footnote 13...
2025-08-09 13:05:11,559 - enhanced_sourcepull - INFO -     GPT failed, trying fallback parser...
2025-08-09 13:05:11,559 - enhanced_sourcepull - INFO -     Fallback found 1 citations
2025-08-09 13:05:11,559 - enhanced_sourcepull - INFO -     Found 1 citations (confidence: 0.70)
2025-08-09 13:05:11,559 - enhanced_sourcepull - INFO -   Parsing footnote 14...
2025-08-09 13:05:11,686 - enhanced_sourcepull - INFO -     GPT failed, trying fallback parser...
2025-08-09 13:05:11,686 - enhanced_sourcepull - INFO -     Found 0 citations (confidence: 0.00)
2025-08-09 13:05:11,686 - enhanced_sourcepull - INFO -   Parsing footnote 15...
2025-08-09 13:05:12,137 - enhanced_sourcepull - INFO -     GPT failed, trying fallback parser...
2025-08-09 13:05:12,138 - enhanced_sourcepull - INFO -     Found 0 citations (confidence: 0.00)
2025-08-09 13:05:12,138 - enhanced_sourcepull - INFO -   Parsing footnote 16...
2025-08-09 13:05:12,261 - enhanced_sourcepull - INFO -     GPT failed, trying fallback parser...
2025-08-09 13:05:12,261 - enhanced_sourcepull - INFO -     Found 0 citations (confidence: 0.00)
2025-08-09 13:05:12,261 - enhanced_sourcepull - INFO -   Parsing footnote 17...
2025-08-09 13:05:12,392 - enhanced_sourcepull - INFO -     GPT failed, trying fallback parser...
2025-08-09 13:05:12,392 - enhanced_sourcepull - INFO -     Found 0 citations (confidence: 0.00)
2025-08-09 13:05:12,392 - enhanced_sourcepull - INFO -   Parsing footnote 18...
2025-08-09 13:05:12,537 - enhanced_sourcepull - INFO -     GPT failed, trying fallback parser...
2025-08-09 13:05:12,537 - enhanced_sourcepull - INFO -     Fallback found 1 citations
2025-08-09 13:05:12,537 - enhanced_sourcepull - INFO -     Found 1 citations (confidence: 0.70)
2025-08-09 13:05:12,537 - enhanced_sourcepull - INFO -   Parsing footnote 19...
2025-08-09 13:05:12,656 - enhanced_sourcepull - INFO -     GPT failed, trying fallback parser...
2025-08-09 13:05:12,656 - enhanced_sourcepull - INFO -     Found 0 citations (confidence: 0.00)
2025-08-09 13:05:12,657 - enhanced_sourcepull - INFO -   Parsing footnote 20...
2025-08-09 13:05:12,790 - enhanced_sourcepull - INFO -     GPT failed, trying fallback parser...
2025-08-09 13:05:12,790 - enhanced_sourcepull - INFO -     Fallback found 1 citations
2025-08-09 13:05:12,790 - enhanced_sourcepull - INFO -     Found 1 citations (confidence: 0.70)
2025-08-09 13:05:12,791 - enhanced_sourcepull - INFO -   Parsing footnote 21...
2025-08-09 13:05:12,977 - enhanced_sourcepull - INFO -     GPT failed, trying fallback parser...
2025-08-09 13:05:12,977 - enhanced_sourcepull - INFO -     Fallback found 1 citations
2025-08-09 13:05:12,977 - enhanced_sourcepull - INFO -     Found 1 citations (confidence: 0.70)
2025-08-09 13:05:12,977 - enhanced_sourcepull - INFO -   Parsing footnote 22...
2025-08-09 13:05:14,178 - enhanced_sourcepull - INFO -     GPT failed, trying fallback parser...
2025-08-09 13:05:14,178 - enhanced_sourcepull - INFO -     Fallback found 1 citations
2025-08-09 13:05:14,178 - enhanced_sourcepull - INFO -     Found 1 citations (confidence: 0.70)
2025-08-09 13:05:14,178 - enhanced_sourcepull - INFO -   Parsing footnote 23...
2025-08-09 13:05:14,306 - enhanced_sourcepull - INFO -     GPT failed, trying fallback parser...
2025-08-09 13:05:14,306 - enhanced_sourcepull - INFO -     Fallback found 1 citations
2025-08-09 13:05:14,306 - enhanced_sourcepull - INFO -     Found 1 citations (confidence: 0.70)
2025-08-09 13:05:14,306 - enhanced_sourcepull - INFO -   Parsing footnote 24...
2025-08-09 13:05:14,448 - enhanced_sourcepull - INFO -     GPT failed, trying fallback parser...
2025-08-09 13:05:14,448 - enhanced_sourcepull - INFO -     Fallback found 1 citations
2025-08-09 13:05:14,448 - enhanced_sourcepull - INFO -     Found 1 citations (confidence: 0.70)
2025-08-09 13:05:14,448 - enhanced_sourcepull - INFO -   Parsing footnote 25...
2025-08-09 13:05:14,570 - enhanced_sourcepull - INFO -     GPT failed, trying fallback parser...
2025-08-09 13:05:14,570 - enhanced_sourcepull - INFO -     Fallback found 1 citations
2025-08-09 13:05:14,570 - enhanced_sourcepull - INFO -     Found 1 citations (confidence: 0.70)
2025-08-09 13:05:14,570 - enhanced_sourcepull - INFO -   Parsing footnote 26...
2025-08-09 13:05:14,706 - enhanced_sourcepull - INFO -     GPT failed, trying fallback parser...
2025-08-09 13:05:14,706 - enhanced_sourcepull - INFO -     Fallback found 1 citations
2025-08-09 13:05:14,706 - enhanced_sourcepull - INFO -     Found 1 citations (confidence: 0.70)
2025-08-09 13:05:14,706 - enhanced_sourcepull - INFO -   Parsing footnote 27...
2025-08-09 13:05:14,837 - enhanced_sourcepull - INFO -     GPT failed, trying fallback parser...
2025-08-09 13:05:14,837 - enhanced_sourcepull - INFO -     Found 0 citations (confidence: 0.00)
2025-08-09 13:05:14,837 - enhanced_sourcepull - INFO -   Parsing footnote 28...
2025-08-09 13:05:14,958 - enhanced_sourcepull - INFO -     GPT failed, trying fallback parser...
2025-08-09 13:05:14,958 - enhanced_sourcepull - INFO -     Fallback found 1 citations
2025-08-09 13:05:14,958 - enhanced_sourcepull - INFO -     Found 1 citations (confidence: 0.70)
2025-08-09 13:05:14,958 - enhanced_sourcepull - INFO -   Parsing footnote 29...
2025-08-09 13:05:15,156 - enhanced_sourcepull - INFO -     GPT failed, trying fallback parser...
2025-08-09 13:05:15,156 - enhanced_sourcepull - INFO -     Fallback found 1 citations
2025-08-09 13:05:15,156 - enhanced_sourcepull - INFO -     Found 1 citations (confidence: 0.70)
2025-08-09 13:05:15,156 - enhanced_sourcepull - INFO -   Parsing footnote 30...
2025-08-09 13:05:15,278 - enhanced_sourcepull - INFO -     GPT failed, trying fallback parser...
2025-08-09 13:05:15,278 - enhanced_sourcepull - INFO -     Fallback found 1 citations
2025-08-09 13:05:15,278 - enhanced_sourcepull - INFO -     Found 1 citations (confidence: 0.70)
2025-08-09 13:05:15,278 - enhanced_sourcepull - INFO -   Parsing footnote 31...
2025-08-09 13:05:15,405 - enhanced_sourcepull - INFO -     GPT failed, trying fallback parser...
2025-08-09 13:05:15,405 - enhanced_sourcepull - INFO -     Found 0 citations (confidence: 0.00)
2025-08-09 13:05:15,405 - enhanced_sourcepull - INFO -   Parsing footnote 32...
2025-08-09 13:05:15,530 - enhanced_sourcepull - INFO -     GPT failed, trying fallback parser...
2025-08-09 13:05:15,531 - enhanced_sourcepull - INFO -     Found 0 citations (confidence: 0.00)
2025-08-09 13:05:15,531 - enhanced_sourcepull - INFO -   Parsing footnote 33...
2025-08-09 13:05:15,656 - enhanced_sourcepull - INFO -     GPT failed, trying fallback parser...
2025-08-09 13:05:15,656 - enhanced_sourcepull - INFO -     Found 0 citations (confidence: 0.00)
2025-08-09 13:05:15,656 - enhanced_sourcepull - INFO -   Parsing footnote 34...
2025-08-09 13:05:15,787 - enhanced_sourcepull - INFO -     GPT failed, trying fallback parser...
2025-08-09 13:05:15,787 - enhanced_sourcepull - INFO -     Found 0 citations (confidence: 0.00)
2025-08-09 13:05:15,787 - enhanced_sourcepull - INFO -   Parsing footnote 35...
2025-08-09 13:05:15,922 - enhanced_sourcepull - INFO -     GPT failed, trying fallback parser...
2025-08-09 13:05:15,922 - enhanced_sourcepull - INFO -     Found 0 citations (confidence: 0.00)
2025-08-09 13:05:15,922 - enhanced_sourcepull - INFO -   Parsing footnote 36...
2025-08-09 13:05:16,144 - enhanced_sourcepull - INFO -     GPT failed, trying fallback parser...
2025-08-09 13:05:16,144 - enhanced_sourcepull - INFO -     Found 0 citations (confidence: 0.00)
2025-08-09 13:05:16,144 - enhanced_sourcepull - INFO -   Parsing footnote 37...
2025-08-09 13:05:16,269 - enhanced_sourcepull - INFO -     GPT failed, trying fallback parser...
2025-08-09 13:05:16,269 - enhanced_sourcepull - INFO -     Found 0 citations (confidence: 0.00)
2025-08-09 13:05:16,269 - enhanced_sourcepull - INFO -   Parsing footnote 38...
2025-08-09 13:05:16,402 - enhanced_sourcepull - INFO -     GPT failed, trying fallback parser...
2025-08-09 13:05:16,402 - enhanced_sourcepull - INFO -     Found 0 citations (confidence: 0.00)
2025-08-09 13:05:16,402 - enhanced_sourcepull - INFO -   Parsing footnote 39...
2025-08-09 13:05:16,517 - enhanced_sourcepull - INFO -     GPT failed, trying fallback parser...
2025-08-09 13:05:16,517 - enhanced_sourcepull - INFO -     Found 0 citations (confidence: 0.00)
2025-08-09 13:05:16,518 - enhanced_sourcepull - INFO -   Parsing footnote 40...
2025-08-09 13:05:16,646 - enhanced_sourcepull - INFO -     GPT failed, trying fallback parser...
2025-08-09 13:05:16,646 - enhanced_sourcepull - INFO -     Found 0 citations (confidence: 0.00)
2025-08-09 13:05:16,646 - enhanced_sourcepull - INFO -   Parsing footnote 41...
2025-08-09 13:05:16,776 - enhanced_sourcepull - INFO -     GPT failed, trying fallback parser...
2025-08-09 13:05:16,776 - enhanced_sourcepull - INFO -     Fallback found 1 citations
2025-08-09 13:05:16,776 - enhanced_sourcepull - INFO -     Found 1 citations (confidence: 0.70)
2025-08-09 13:05:16,776 - enhanced_sourcepull - INFO -   Parsing footnote 42...
2025-08-09 13:05:16,904 - enhanced_sourcepull - INFO -     GPT failed, trying fallback parser...
2025-08-09 13:05:16,905 - enhanced_sourcepull - INFO -     Found 0 citations (confidence: 0.00)
2025-08-09 13:05:16,905 - enhanced_sourcepull - INFO -   Parsing footnote 43...
2025-08-09 13:05:17,033 - enhanced_sourcepull - INFO -     GPT failed, trying fallback parser...
2025-08-09 13:05:17,033 - enhanced_sourcepull - INFO -     Found 0 citations (confidence: 0.00)
2025-08-09 13:05:17,033 - enhanced_sourcepull - INFO -   Parsing footnote 44...
2025-08-09 13:05:17,158 - enhanced_sourcepull - INFO -     GPT failed, trying fallback parser...
2025-08-09 13:05:17,158 - enhanced_sourcepull - INFO -     Found 0 citations (confidence: 0.00)
2025-08-09 13:05:17,158 - enhanced_sourcepull - INFO -   Parsing footnote 45...
2025-08-09 13:05:17,238 - enhanced_sourcepull - INFO -     GPT failed, trying fallback parser...
2025-08-09 13:05:17,238 - enhanced_sourcepull - INFO -     Found 0 citations (confidence: 0.00)
2025-08-09 13:05:17,238 - enhanced_sourcepull - INFO -   Parsing footnote 46...
2025-08-09 13:05:17,355 - enhanced_sourcepull - INFO -     GPT failed, trying fallback parser...
2025-08-09 13:05:17,355 - enhanced_sourcepull - INFO -     Fallback found 1 citations
2025-08-09 13:05:17,355 - enhanced_sourcepull - INFO -     Found 1 citations (confidence: 0.70)
2025-08-09 13:05:17,355 - enhanced_sourcepull - INFO -   Parsing footnote 47...
2025-08-09 13:05:17,483 - enhanced_sourcepull - INFO -     GPT failed, trying fallback parser...
2025-08-09 13:05:17,483 - enhanced_sourcepull - INFO -     Found 0 citations (confidence: 0.00)
2025-08-09 13:05:17,483 - enhanced_sourcepull - INFO -   Parsing footnote 48...
2025-08-09 13:05:17,598 - enhanced_sourcepull - INFO -     GPT failed, trying fallback parser...
2025-08-09 13:05:17,598 - enhanced_sourcepull - INFO -     Found 0 citations (confidence: 0.00)
2025-08-09 13:05:17,598 - enhanced_sourcepull - INFO -   Parsing footnote 49...
2025-08-09 13:05:17,683 - enhanced_sourcepull - INFO -     GPT failed, trying fallback parser...
2025-08-09 13:05:17,683 - enhanced_sourcepull - INFO -     Found 0 citations (confidence: 0.00)
2025-08-09 13:05:17,683 - enhanced_sourcepull - INFO -   Parsing footnote 50...
2025-08-09 13:05:17,821 - enhanced_sourcepull - INFO -     GPT failed, trying fallback parser...
2025-08-09 13:05:17,821 - enhanced_sourcepull - INFO -     Found 0 citations (confidence: 0.00)
2025-08-09 13:05:17,821 - enhanced_sourcepull - INFO -   Total citations identified: 21
2025-08-09 13:05:17,821 - enhanced_sourcepull - INFO - Step 3: Retrieving readable PDFs...
2025-08-09 13:05:17,821 - enhanced_sourcepull - INFO -   Retrieving: fn3_usc_21_355(c)(3)(C)
2025-08-09 13:05:18,631 - enhanced_sourcepull - INFO -     ✗ Failed: All retrieval sources failed
2025-08-09 13:05:18,631 - enhanced_sourcepull - INFO -   Retrieving: fn3_fed_919_1333
2025-08-09 13:05:20,346 - enhanced_sourcepull - INFO -     ✓ Retrieved 5p PDF from supreme_court_official
2025-08-09 13:05:20,346 - enhanced_sourcepull - INFO -   Retrieving: fn3_fed_785_625
2025-08-09 13:05:20,504 - enhanced_sourcepull - INFO -     ✓ Retrieved 5p PDF from supreme_court_official
2025-08-09 13:05:20,504 - enhanced_sourcepull - INFO -   Retrieving: fn3_fed_633_1042
2025-08-09 13:05:20,709 - enhanced_sourcepull - INFO -     ✓ Retrieved 5p PDF from supreme_court_official
2025-08-09 13:05:20,709 - enhanced_sourcepull - INFO -   Retrieving: fn4_fed_7_1320
2025-08-09 13:05:20,709 - enhanced_sourcepull - INFO -     ✗ Failed: All retrieval sources failed
2025-08-09 13:05:20,709 - enhanced_sourcepull - INFO -   Retrieving: fn5_fed_316_1348
2025-08-09 13:05:20,710 - enhanced_sourcepull - INFO -     ✗ Failed: All retrieval sources failed
2025-08-09 13:05:20,710 - enhanced_sourcepull - INFO -   Retrieving: fn11_usc_21_321(m)_
2025-08-09 13:05:21,096 - enhanced_sourcepull - INFO -     ✗ Failed: All retrieval sources failed
2025-08-09 13:05:21,096 - enhanced_sourcepull - INFO -   Retrieving: fn13_cfr_21_201_57
2025-08-09 13:05:21,096 - enhanced_sourcepull - INFO -     ✗ Failed: All retrieval sources failed
2025-08-09 13:05:21,096 - enhanced_sourcepull - INFO -   Retrieving: fn18_usc_35_271(e)(2)(A)_
2025-08-09 13:05:21,437 - enhanced_sourcepull - INFO -     ✗ Failed: All retrieval sources failed
2025-08-09 13:05:21,437 - enhanced_sourcepull - INFO -   Retrieving: fn20_usc_21_355(j)(2)(A)(i)_
2025-08-09 13:05:21,852 - enhanced_sourcepull - INFO -     ✗ Failed: All retrieval sources failed
2025-08-09 13:05:21,852 - enhanced_sourcepull - INFO -   Retrieving: fn21_usc_35_271(b)
2025-08-09 13:05:22,179 - enhanced_sourcepull - INFO -     ✗ Failed: All retrieval sources failed
2025-08-09 13:05:22,179 - enhanced_sourcepull - INFO -   Retrieving: fn22_usc_21_355(j)(2)(A)(viii)_
2025-08-09 13:05:22,595 - enhanced_sourcepull - INFO -     ✗ Failed: All retrieval sources failed
2025-08-09 13:05:22,595 - enhanced_sourcepull - INFO -   Retrieving: fn23_us_566_399
2025-08-09 13:05:23,019 - enhanced_sourcepull - INFO -     ✓ Retrieved 940p PDF from supreme_court_official
2025-08-09 13:05:23,019 - enhanced_sourcepull - INFO -   Retrieving: fn24_fed_930_72
2025-08-09 13:05:23,232 - enhanced_sourcepull - INFO -     ✓ Retrieved 5p PDF from supreme_court_official
2025-08-09 13:05:23,232 - enhanced_sourcepull - INFO -   Retrieving: fn25_usc_28_1295(a)(1)_
2025-08-09 13:05:23,551 - enhanced_sourcepull - INFO -     ✗ Failed: All retrieval sources failed
2025-08-09 13:05:23,551 - enhanced_sourcepull - INFO -   Retrieving: fn26_fed_7_1320
2025-08-09 13:05:23,551 - enhanced_sourcepull - INFO -     ✗ Failed: All retrieval sources failed
2025-08-09 13:05:23,551 - enhanced_sourcepull - INFO -   Retrieving: fn28_fed_316_1348
2025-08-09 13:05:23,551 - enhanced_sourcepull - INFO -     ✗ Failed: All retrieval sources failed
2025-08-09 13:05:23,551 - enhanced_sourcepull - INFO -   Retrieving: fn29_fed_4_1360
2025-08-09 13:05:23,552 - enhanced_sourcepull - INFO -     ✗ Failed: All retrieval sources failed
2025-08-09 13:05:23,552 - enhanced_sourcepull - INFO -   Retrieving: fn30_fed_104_1370
2025-08-09 13:05:23,552 - enhanced_sourcepull - INFO -     ✗ Failed: All retrieval sources failed
2025-08-09 13:05:23,552 - enhanced_sourcepull - INFO -   Retrieving: fn41_usc_21_3
2025-08-09 13:05:23,842 - enhanced_sourcepull - INFO -     ✗ Failed: All retrieval sources failed
2025-08-09 13:05:23,842 - enhanced_sourcepull - INFO -   Retrieving: fn46_cfr_21_201_56(d)(1)_
2025-08-09 13:05:23,842 - enhanced_sourcepull - INFO -     ✗ Failed: All retrieval sources failed
2025-08-09 13:05:23,842 - enhanced_sourcepull - INFO - Step 4: Generating final report...
2025-08-09 13:05:23,843 - enhanced_sourcepull - INFO - ======================================================================
2025-08-09 13:05:23,843 - enhanced_sourcepull - INFO - WORKFLOW COMPLETE
2025-08-09 13:05:23,843 - enhanced_sourcepull - INFO - ======================================================================
2025-08-09 13:05:23,843 - enhanced_sourcepull - INFO - Footnotes processed: 50
2025-08-09 13:05:23,843 - enhanced_sourcepull - INFO - Citations identified: 21
2025-08-09 13:05:23,843 - enhanced_sourcepull - INFO - PDFs retrieved: 5/21
2025-08-09 13:05:23,843 - enhanced_sourcepull - INFO - Success rate: 23.8%
2025-08-09 13:05:23,843 - enhanced_sourcepull - INFO - Report saved: output/data/Enhanced_Sourcepull/enhanced_sourcepull_report_20250809_130523.json
2025-08-09 13:05:23,843 - enhanced_sourcepull - INFO - ======================================================================
