2025-08-09 01:04:13,008 - enhanced_sourcepull - INFO - ======================================================================
2025-08-09 01:04:13,009 - enhanced_sourcepull - INFO - ENHANCED SOURCEPULL WORKFLOW
2025-08-09 01:04:13,009 - enhanced_sourcepull - INFO - Stanford Law Review - Readable PDF Retrieval
2025-08-09 01:04:13,009 - enhanced_sourcepull - INFO - ======================================================================
2025-08-09 01:04:13,009 - enhanced_sourcepull - INFO - Step 1: Extracting footnotes from document...
2025-08-09 01:04:13,043 - enhanced_sourcepull - INFO -   Extracted 3 footnotes
2025-08-09 01:04:13,043 - enhanced_sourcepull - INFO - Step 2: Parsing citations with GPT...
2025-08-09 01:04:13,043 - enhanced_sourcepull - INFO -   Parsing footnote 30...
2025-08-09 01:04:15,034 - enhanced_sourcepull - INFO -     GPT failed, trying fallback parser...
2025-08-09 01:04:15,035 - enhanced_sourcepull - INFO -     Fallback found 1 citations
2025-08-09 01:04:15,035 - enhanced_sourcepull - INFO -     Found 1 citations (confidence: 0.70)
2025-08-09 01:04:15,035 - enhanced_sourcepull - INFO -   Parsing footnote 31...
2025-08-09 01:04:16,734 - enhanced_sourcepull - INFO -     GPT failed, trying fallback parser...
2025-08-09 01:04:16,735 - enhanced_sourcepull - INFO -     Found 0 citations (confidence: 0.00)
2025-08-09 01:04:16,735 - enhanced_sourcepull - INFO -   Parsing footnote 32...
2025-08-09 01:04:18,421 - enhanced_sourcepull - INFO -     GPT failed, trying fallback parser...
2025-08-09 01:04:18,421 - enhanced_sourcepull - INFO -     Found 0 citations (confidence: 0.00)
2025-08-09 01:04:18,421 - enhanced_sourcepull - INFO -   Total citations identified: 1
2025-08-09 01:04:18,422 - enhanced_sourcepull - INFO - Step 3: Retrieving readable PDFs...
2025-08-09 01:04:18,422 - enhanced_sourcepull - INFO -   Retrieving: fn30_fed_104_1370
2025-08-09 01:04:18,422 - enhanced_sourcepull - INFO -     ✗ Failed: All retrieval sources failed
2025-08-09 01:04:18,422 - enhanced_sourcepull - INFO - Step 4: Generating final report...
2025-08-09 01:04:18,425 - enhanced_sourcepull - INFO - ======================================================================
2025-08-09 01:04:18,425 - enhanced_sourcepull - INFO - WORKFLOW COMPLETE
2025-08-09 01:04:18,425 - enhanced_sourcepull - INFO - ======================================================================
2025-08-09 01:04:18,425 - enhanced_sourcepull - INFO - Footnotes processed: 3
2025-08-09 01:04:18,425 - enhanced_sourcepull - INFO - Citations identified: 1
2025-08-09 01:04:18,425 - enhanced_sourcepull - INFO - PDFs retrieved: 0/1
2025-08-09 01:04:18,425 - enhanced_sourcepull - INFO - Success rate: 0.0%
2025-08-09 01:04:18,426 - enhanced_sourcepull - INFO - Report saved: output/data/Enhanced_Sourcepull/enhanced_sourcepull_report_20250809_010418.json
2025-08-09 01:04:18,426 - enhanced_sourcepull - INFO - ======================================================================
