2025-08-09 00:43:25,435 - enhanced_sourcepull - INFO - ======================================================================
2025-08-09 00:43:25,435 - enhanced_sourcepull - INFO - ENHANCED SOURCEPULL WORKFLOW
2025-08-09 00:43:25,435 - enhanced_sourcepull - INFO - Stanford Law Review - Readable PDF Retrieval
2025-08-09 00:43:25,435 - enhanced_sourcepull - INFO - ======================================================================
2025-08-09 00:43:25,435 - enhanced_sourcepull - INFO - Step 1: Extracting footnotes from document...
2025-08-09 00:43:25,468 - enhanced_sourcepull - INFO -   Extracted 3 footnotes
2025-08-09 00:43:25,468 - enhanced_sourcepull - INFO - Step 2: Parsing citations with GPT...
2025-08-09 00:43:25,468 - enhanced_sourcepull - INFO -   Parsing footnote 20...
2025-08-09 00:43:27,386 - enhanced_sourcepull - INFO -     Found 0 citations (confidence: 0.00)
2025-08-09 00:43:27,386 - enhanced_sourcepull - INFO -   Parsing footnote 21...
2025-08-09 00:43:29,964 - enhanced_sourcepull - INFO -     Found 0 citations (confidence: 0.00)
2025-08-09 00:43:29,964 - enhanced_sourcepull - INFO -   Parsing footnote 22...
2025-08-09 00:43:32,200 - enhanced_sourcepull - INFO -     Found 0 citations (confidence: 0.00)
2025-08-09 00:43:32,200 - enhanced_sourcepull - INFO -   Total citations identified: 0
2025-08-09 00:43:32,200 - enhanced_sourcepull - INFO - Step 3: Retrieving readable PDFs...
2025-08-09 00:43:32,200 - enhanced_sourcepull - INFO - Step 4: Generating final report...
2025-08-09 00:43:32,201 - enhanced_sourcepull - INFO - ======================================================================
2025-08-09 00:43:32,201 - enhanced_sourcepull - INFO - WORKFLOW COMPLETE
2025-08-09 00:43:32,201 - enhanced_sourcepull - INFO - ======================================================================
2025-08-09 00:43:32,201 - enhanced_sourcepull - INFO - Footnotes processed: 3
2025-08-09 00:43:32,201 - enhanced_sourcepull - INFO - Citations identified: 0
2025-08-09 00:43:32,201 - enhanced_sourcepull - INFO - PDFs retrieved: 0/0
2025-08-09 00:43:32,201 - enhanced_sourcepull - INFO - Success rate: 0.0%
2025-08-09 00:43:32,202 - enhanced_sourcepull - INFO - Report saved: output/data/Enhanced_Sourcepull/enhanced_sourcepull_report_20250809_004332.json
2025-08-09 00:43:32,202 - enhanced_sourcepull - INFO - ======================================================================
