2025-08-09 16:47:15,157 - enhanced_sourcepull - INFO - ======================================================================
2025-08-09 16:47:15,157 - enhanced_sourcepull - INFO - ENHANCED SOURCEPULL WORKFLOW
2025-08-09 16:47:15,157 - enhanced_sourcepull - INFO - Stanford Law Review - Readable PDF Retrieval
2025-08-09 16:47:15,157 - enhanced_sourcepull - INFO - ======================================================================
2025-08-09 16:47:15,157 - enhanced_sourcepull - INFO - Step 1: Extracting footnotes from document...
2025-08-09 16:47:15,191 - enhanced_sourcepull - INFO -   Extracted 1 footnotes
2025-08-09 16:47:15,191 - enhanced_sourcepull - INFO - Step 2: Parsing citations with GPT...
2025-08-09 16:47:15,191 - enhanced_sourcepull - INFO -   Parsing footnote 3...
2025-08-09 16:47:23,549 - enhanced_sourcepull - INFO -     Found 4 citations (confidence: 0.95)
2025-08-09 16:47:23,549 - enhanced_sourcepull - INFO -   Total citations identified: 4
2025-08-09 16:47:23,549 - enhanced_sourcepull - INFO - Step 3: Retrieving readable PDFs...
2025-08-09 16:47:23,549 - enhanced_sourcepull - INFO -   Retrieving: 1
2025-08-09 16:47:24,268 - enhanced_sourcepull - INFO -     ✓ Retrieved text file from cornell_lii
2025-08-09 16:47:24,269 - enhanced_sourcepull - INFO -   Retrieving: 2
2025-08-09 16:47:24,701 - enhanced_sourcepull - INFO -     ✗ Failed: All retrieval sources failed
2025-08-09 16:47:24,702 - enhanced_sourcepull - INFO -   Retrieving: 3
2025-08-09 16:47:25,767 - enhanced_sourcepull - INFO -     ✗ Failed: All retrieval sources failed
2025-08-09 16:47:25,767 - enhanced_sourcepull - INFO -   Retrieving: 4
2025-08-09 16:47:26,323 - enhanced_sourcepull - INFO -     ✗ Failed: All retrieval sources failed
2025-08-09 16:47:26,323 - enhanced_sourcepull - INFO - Step 4: Generating final report...
2025-08-09 16:47:26,325 - enhanced_sourcepull - INFO - ======================================================================
2025-08-09 16:47:26,325 - enhanced_sourcepull - INFO - WORKFLOW COMPLETE
2025-08-09 16:47:26,325 - enhanced_sourcepull - INFO - ======================================================================
2025-08-09 16:47:26,325 - enhanced_sourcepull - INFO - Footnotes processed: 1
2025-08-09 16:47:26,325 - enhanced_sourcepull - INFO - Citations identified: 4
2025-08-09 16:47:26,325 - enhanced_sourcepull - INFO - PDFs retrieved: 1/4
2025-08-09 16:47:26,326 - enhanced_sourcepull - INFO - Success rate: 25.0%
2025-08-09 16:47:26,326 - enhanced_sourcepull - INFO - Report saved: output/data/Enhanced_Sourcepull/enhanced_sourcepull_report_20250809_164726.json
2025-08-09 16:47:26,326 - enhanced_sourcepull - INFO - ======================================================================
