2025-08-09 00:41:41,319 - enhanced_sourcepull - INFO - ======================================================================
2025-08-09 00:41:41,319 - enhanced_sourcepull - INFO - ENHANCED SOURCEPULL WORKFLOW
2025-08-09 00:41:41,319 - enhanced_sourcepull - INFO - Stanford Law Review - Readable PDF Retrieval
2025-08-09 00:41:41,319 - enhanced_sourcepull - INFO - ======================================================================
2025-08-09 00:41:41,319 - enhanced_sourcepull - INFO - Step 1: Extracting footnotes from document...
2025-08-09 00:41:41,353 - enhanced_sourcepull - INFO -   Extracted 6 footnotes
2025-08-09 00:41:41,353 - enhanced_sourcepull - INFO - Step 2: Parsing citations with GPT...
2025-08-09 00:41:41,353 - enhanced_sourcepull - INFO -   Parsing footnote 20...
2025-08-09 00:41:42,085 - enhanced_sourcepull - INFO -     Found 0 citations (confidence: 0.00)
2025-08-09 00:41:42,086 - enhanced_sourcepull - INFO -   Parsing footnote 21...
2025-08-09 00:41:43,494 - enhanced_sourcepull - INFO -     Found 0 citations (confidence: 0.00)
2025-08-09 00:41:43,494 - enhanced_sourcepull - INFO -   Parsing footnote 22...
2025-08-09 00:41:44,389 - enhanced_sourcepull - INFO -     Found 0 citations (confidence: 0.00)
2025-08-09 00:41:44,389 - enhanced_sourcepull - INFO -   Parsing footnote 23...
2025-08-09 00:41:44,500 - enhanced_sourcepull - INFO -     Found 0 citations (confidence: 0.00)
2025-08-09 00:41:44,500 - enhanced_sourcepull - INFO -   Parsing footnote 24...
2025-08-09 00:41:44,849 - enhanced_sourcepull - INFO -     Found 0 citations (confidence: 0.00)
2025-08-09 00:41:44,849 - enhanced_sourcepull - INFO -   Parsing footnote 25...
2025-08-09 00:41:45,653 - enhanced_sourcepull - INFO -     Found 0 citations (confidence: 0.00)
2025-08-09 00:41:45,653 - enhanced_sourcepull - INFO -   Total citations identified: 0
2025-08-09 00:41:45,653 - enhanced_sourcepull - INFO - Step 3: Retrieving readable PDFs...
2025-08-09 00:41:45,653 - enhanced_sourcepull - INFO - Step 4: Generating final report...
2025-08-09 00:41:45,654 - enhanced_sourcepull - INFO - ======================================================================
2025-08-09 00:41:45,654 - enhanced_sourcepull - INFO - WORKFLOW COMPLETE
2025-08-09 00:41:45,655 - enhanced_sourcepull - INFO - ======================================================================
2025-08-09 00:41:45,655 - enhanced_sourcepull - INFO - Footnotes processed: 6
2025-08-09 00:41:45,655 - enhanced_sourcepull - INFO - Citations identified: 0
2025-08-09 00:41:45,655 - enhanced_sourcepull - INFO - PDFs retrieved: 0/0
2025-08-09 00:41:45,655 - enhanced_sourcepull - INFO - Success rate: 0.0%
2025-08-09 00:41:45,655 - enhanced_sourcepull - INFO - Report saved: output/data/Enhanced_Sourcepull/enhanced_sourcepull_report_20250809_004145.json
2025-08-09 00:41:45,655 - enhanced_sourcepull - INFO - ======================================================================
