2025-08-09 13:58:18,491 - enhanced_sourcepull - INFO - ======================================================================
2025-08-09 13:58:18,491 - enhanced_sourcepull - INFO - ENHANCED SOURCEPULL WORKFLOW
2025-08-09 13:58:18,491 - enhanced_sourcepull - INFO - Stanford Law Review - Readable PDF Retrieval
2025-08-09 13:58:18,491 - enhanced_sourcepull - INFO - ======================================================================
2025-08-09 13:58:18,491 - enhanced_sourcepull - INFO - Step 1: Extracting footnotes from document...
2025-08-09 13:58:18,527 - enhanced_sourcepull - INFO -   Extracted 30 footnotes
2025-08-09 13:58:18,527 - enhanced_sourcepull - INFO - Step 2: Parsing citations with GPT...
2025-08-09 13:58:18,527 - enhanced_sourcepull - INFO -   Parsing footnote 1...
2025-08-09 13:58:20,269 - enhanced_sourcepull - INFO -     Found 0 citations (confidence: 0.95)
2025-08-09 13:58:20,270 - enhanced_sourcepull - INFO -   Parsing footnote 2...
2025-08-09 13:58:21,793 - enhanced_sourcepull - INFO -     Found 0 citations (confidence: 0.95)
2025-08-09 13:58:21,793 - enhanced_sourcepull - INFO -   Parsing footnote 3...
2025-08-09 13:58:28,960 - enhanced_sourcepull - INFO -     Found 4 citations (confidence: 0.95)
2025-08-09 13:58:28,960 - enhanced_sourcepull - INFO -   Parsing footnote 4...
2025-08-09 13:58:33,164 - enhanced_sourcepull - INFO -     Found 2 citations (confidence: 0.95)
2025-08-09 13:58:33,164 - enhanced_sourcepull - INFO -   Parsing footnote 5...
2025-08-09 13:58:37,010 - enhanced_sourcepull - INFO -     Found 1 citations (confidence: 0.95)
2025-08-09 13:58:37,010 - enhanced_sourcepull - INFO -   Parsing footnote 6...
2025-08-09 13:58:38,397 - enhanced_sourcepull - INFO -     Found 1 citations (confidence: 0.95)
2025-08-09 13:58:38,397 - enhanced_sourcepull - INFO -   Parsing footnote 7...
2025-08-09 13:58:40,522 - enhanced_sourcepull - INFO -     Found 1 citations (confidence: 0.95)
2025-08-09 13:58:40,522 - enhanced_sourcepull - INFO -   Parsing footnote 8...
2025-08-09 13:58:44,849 - enhanced_sourcepull - INFO -     Found 2 citations (confidence: 0.95)
2025-08-09 13:58:44,849 - enhanced_sourcepull - INFO -   Parsing footnote 9...
2025-08-09 13:58:49,289 - enhanced_sourcepull - INFO -     Found 3 citations (confidence: 0.95)
2025-08-09 13:58:49,290 - enhanced_sourcepull - INFO -   Parsing footnote 10...
2025-08-09 13:58:52,485 - enhanced_sourcepull - INFO -     Found 1 citations (confidence: 0.95)
2025-08-09 13:58:52,485 - enhanced_sourcepull - INFO -   Parsing footnote 11...
2025-08-09 13:58:54,259 - enhanced_sourcepull - INFO -     Found 1 citations (confidence: 0.95)
2025-08-09 13:58:54,259 - enhanced_sourcepull - INFO -   Parsing footnote 12...
2025-08-09 13:58:56,052 - enhanced_sourcepull - INFO -     Found 0 citations (confidence: 0.95)
2025-08-09 13:58:56,052 - enhanced_sourcepull - INFO -   Parsing footnote 13...
2025-08-09 13:58:59,077 - enhanced_sourcepull - INFO -     Found 2 citations (confidence: 0.95)
2025-08-09 13:58:59,077 - enhanced_sourcepull - INFO -   Parsing footnote 14...
2025-08-09 13:59:02,807 - enhanced_sourcepull - INFO -     Found 2 citations (confidence: 0.95)
2025-08-09 13:59:02,807 - enhanced_sourcepull - INFO -   Parsing footnote 15...
2025-08-09 13:59:05,471 - enhanced_sourcepull - INFO -     Found 1 citations (confidence: 0.95)
2025-08-09 13:59:05,471 - enhanced_sourcepull - INFO -   Parsing footnote 16...
2025-08-09 13:59:07,731 - enhanced_sourcepull - INFO -     Found 1 citations (confidence: 0.95)
2025-08-09 13:59:07,731 - enhanced_sourcepull - INFO -   Parsing footnote 17...
2025-08-09 13:59:10,533 - enhanced_sourcepull - INFO -     Found 1 citations (confidence: 0.95)
2025-08-09 13:59:10,533 - enhanced_sourcepull - INFO -   Parsing footnote 18...
2025-08-09 13:59:13,093 - enhanced_sourcepull - INFO -     Found 1 citations (confidence: 0.95)
2025-08-09 13:59:13,093 - enhanced_sourcepull - INFO -   Parsing footnote 19...
2025-08-09 13:59:15,260 - enhanced_sourcepull - INFO -     Found 1 citations (confidence: 0.95)
2025-08-09 13:59:15,260 - enhanced_sourcepull - INFO -   Parsing footnote 20...
2025-08-09 13:59:17,887 - enhanced_sourcepull - INFO -     Found 1 citations (confidence: 0.95)
2025-08-09 13:59:17,887 - enhanced_sourcepull - INFO -   Parsing footnote 21...
2025-08-09 13:59:21,899 - enhanced_sourcepull - INFO -     Found 2 citations (confidence: 0.95)
2025-08-09 13:59:21,899 - enhanced_sourcepull - INFO -   Parsing footnote 22...
2025-08-09 13:59:24,048 - enhanced_sourcepull - INFO -     Found 1 citations (confidence: 0.95)
2025-08-09 13:59:24,048 - enhanced_sourcepull - INFO -   Parsing footnote 23...
2025-08-09 13:59:26,909 - enhanced_sourcepull - INFO -     Found 1 citations (confidence: 0.95)
2025-08-09 13:59:26,909 - enhanced_sourcepull - INFO -   Parsing footnote 24...
2025-08-09 13:59:28,998 - enhanced_sourcepull - INFO -     Found 1 citations (confidence: 0.95)
2025-08-09 13:59:28,998 - enhanced_sourcepull - INFO -   Parsing footnote 25...
2025-08-09 13:59:31,103 - enhanced_sourcepull - INFO -     Found 1 citations (confidence: 0.95)
2025-08-09 13:59:31,103 - enhanced_sourcepull - INFO -   Parsing footnote 26...
2025-08-09 13:59:33,569 - enhanced_sourcepull - INFO -     Found 1 citations (confidence: 0.95)
2025-08-09 13:59:33,570 - enhanced_sourcepull - INFO -   Parsing footnote 27...
2025-08-09 13:59:37,366 - enhanced_sourcepull - INFO -     Found 2 citations (confidence: 0.95)
2025-08-09 13:59:37,366 - enhanced_sourcepull - INFO -   Parsing footnote 28...
2025-08-09 13:59:40,023 - enhanced_sourcepull - INFO -     Found 1 citations (confidence: 0.95)
2025-08-09 13:59:40,023 - enhanced_sourcepull - INFO -   Parsing footnote 29...
2025-08-09 13:59:42,688 - enhanced_sourcepull - INFO -     Found 1 citations (confidence: 0.95)
2025-08-09 13:59:42,688 - enhanced_sourcepull - INFO -   Parsing footnote 30...
2025-08-09 13:59:46,166 - enhanced_sourcepull - INFO -     Found 2 citations (confidence: 0.95)
2025-08-09 13:59:46,166 - enhanced_sourcepull - INFO -   Total citations identified: 39
2025-08-09 13:59:46,166 - enhanced_sourcepull - INFO - Step 3: Retrieving readable PDFs...
2025-08-09 13:59:46,166 - enhanced_sourcepull - INFO -   Retrieving: 1
2025-08-09 13:59:46,891 - enhanced_sourcepull - INFO -     ✗ Failed: All retrieval sources failed
2025-08-09 13:59:46,891 - enhanced_sourcepull - INFO -   Retrieving: 2
2025-08-09 13:59:48,205 - enhanced_sourcepull - INFO -     ✓ Retrieved 5p PDF from supreme_court_official
2025-08-09 13:59:48,205 - enhanced_sourcepull - INFO -   Retrieving: 3
2025-08-09 13:59:48,280 - enhanced_sourcepull - INFO -     ✓ Retrieved 5p PDF from supreme_court_official
2025-08-09 13:59:48,280 - enhanced_sourcepull - INFO -   Retrieving: 4
2025-08-09 13:59:48,396 - enhanced_sourcepull - INFO -     ✓ Retrieved 5p PDF from supreme_court_official
2025-08-09 13:59:48,396 - enhanced_sourcepull - INFO -   Retrieving: 1
2025-08-09 13:59:49,387 - enhanced_sourcepull - INFO -     ✗ Failed: All retrieval sources failed
2025-08-09 13:59:49,388 - enhanced_sourcepull - INFO -   Retrieving: 2
2025-08-09 13:59:50,497 - enhanced_sourcepull - INFO -     ✗ Failed: All retrieval sources failed
2025-08-09 13:59:50,497 - enhanced_sourcepull - INFO -   Retrieving: 1
2025-08-09 13:59:51,057 - enhanced_sourcepull - INFO -     ✗ Failed: All retrieval sources failed
2025-08-09 13:59:51,058 - enhanced_sourcepull - INFO -   Retrieving: citation_1
2025-08-09 13:59:51,058 - enhanced_sourcepull - INFO -     ✗ Failed: All retrieval sources failed
2025-08-09 13:59:51,058 - enhanced_sourcepull - INFO -   Retrieving: citation_1
2025-08-09 13:59:51,058 - enhanced_sourcepull - INFO -     ✗ Failed: All retrieval sources failed
2025-08-09 13:59:51,058 - enhanced_sourcepull - INFO -   Retrieving: 1
2025-08-09 13:59:51,058 - enhanced_sourcepull - INFO -     ✗ Failed: All retrieval sources failed
2025-08-09 13:59:51,058 - enhanced_sourcepull - INFO -   Retrieving: 2
2025-08-09 13:59:51,058 - enhanced_sourcepull - INFO -     ✗ Failed: All retrieval sources failed
2025-08-09 13:59:51,058 - enhanced_sourcepull - INFO -   Retrieving: citation_1
2025-08-09 13:59:51,058 - enhanced_sourcepull - INFO -     ✗ Failed: All retrieval sources failed
2025-08-09 13:59:51,059 - enhanced_sourcepull - INFO -   Retrieving: citation_2
2025-08-09 13:59:51,059 - enhanced_sourcepull - INFO -     ✗ Failed: All retrieval sources failed
2025-08-09 13:59:51,059 - enhanced_sourcepull - INFO -   Retrieving: citation_3
2025-08-09 13:59:51,059 - enhanced_sourcepull - INFO -     ✗ Failed: All retrieval sources failed
2025-08-09 13:59:51,059 - enhanced_sourcepull - INFO -   Retrieving: citation_1
2025-08-09 13:59:51,059 - enhanced_sourcepull - INFO -     ✗ Failed: All retrieval sources failed
2025-08-09 13:59:51,059 - enhanced_sourcepull - INFO -   Retrieving: citation_1
2025-08-09 13:59:51,413 - enhanced_sourcepull - INFO -     ✗ Failed: All retrieval sources failed
2025-08-09 13:59:51,413 - enhanced_sourcepull - INFO -   Retrieving: 1
2025-08-09 13:59:51,413 - enhanced_sourcepull - INFO -     ✗ Failed: All retrieval sources failed
2025-08-09 13:59:51,413 - enhanced_sourcepull - INFO -   Retrieving: 2
2025-08-09 13:59:51,413 - enhanced_sourcepull - INFO -     ✗ Failed: All retrieval sources failed
2025-08-09 13:59:51,413 - enhanced_sourcepull - INFO -   Retrieving: citation_1
2025-08-09 13:59:51,413 - enhanced_sourcepull - INFO -     ✗ Failed: All retrieval sources failed
2025-08-09 13:59:51,414 - enhanced_sourcepull - INFO -   Retrieving: citation_2
2025-08-09 13:59:51,414 - enhanced_sourcepull - INFO -     ✗ Failed: All retrieval sources failed
2025-08-09 13:59:51,414 - enhanced_sourcepull - INFO -   Retrieving: citation_1
2025-08-09 13:59:51,770 - enhanced_sourcepull - INFO -     ✗ Failed: All retrieval sources failed
2025-08-09 13:59:51,771 - enhanced_sourcepull - INFO -   Retrieving: citation_1
2025-08-09 13:59:51,771 - enhanced_sourcepull - INFO -     ✗ Failed: All retrieval sources failed
2025-08-09 13:59:51,771 - enhanced_sourcepull - INFO -   Retrieving: citation_1
2025-08-09 13:59:52,162 - enhanced_sourcepull - INFO -     ✗ Failed: All retrieval sources failed
2025-08-09 13:59:52,163 - enhanced_sourcepull - INFO -   Retrieving: citation_1
2025-08-09 13:59:52,472 - enhanced_sourcepull - INFO -     ✗ Failed: All retrieval sources failed
2025-08-09 13:59:52,472 - enhanced_sourcepull - INFO -   Retrieving: citation_1
2025-08-09 13:59:52,472 - enhanced_sourcepull - INFO -     ✗ Failed: All retrieval sources failed
2025-08-09 13:59:52,472 - enhanced_sourcepull - INFO -   Retrieving: citation_1
2025-08-09 13:59:52,894 - enhanced_sourcepull - INFO -     ✗ Failed: All retrieval sources failed
2025-08-09 13:59:52,894 - enhanced_sourcepull - INFO -   Retrieving: citation_1
2025-08-09 13:59:53,199 - enhanced_sourcepull - INFO -     ✗ Failed: All retrieval sources failed
2025-08-09 13:59:53,199 - enhanced_sourcepull - INFO -   Retrieving: citation_2
2025-08-09 13:59:53,508 - enhanced_sourcepull - INFO -     ✗ Failed: All retrieval sources failed
2025-08-09 13:59:53,509 - enhanced_sourcepull - INFO -   Retrieving: citation_1
2025-08-09 13:59:53,920 - enhanced_sourcepull - INFO -     ✗ Failed: All retrieval sources failed
2025-08-09 13:59:53,920 - enhanced_sourcepull - INFO -   Retrieving: 1
2025-08-09 13:59:54,172 - enhanced_sourcepull - INFO -     ✓ Retrieved 940p PDF from supreme_court_official
2025-08-09 13:59:54,172 - enhanced_sourcepull - INFO -   Retrieving: citation_1
2025-08-09 13:59:54,239 - enhanced_sourcepull - INFO -     ✓ Retrieved 5p PDF from supreme_court_official
2025-08-09 13:59:54,239 - enhanced_sourcepull - INFO -   Retrieving: 1
2025-08-09 13:59:54,508 - enhanced_sourcepull - INFO -     ✗ Failed: All retrieval sources failed
2025-08-09 13:59:54,508 - enhanced_sourcepull - INFO -   Retrieving: citation_1
2025-08-09 13:59:54,508 - enhanced_sourcepull - INFO -     ✗ Failed: All retrieval sources failed
2025-08-09 13:59:54,508 - enhanced_sourcepull - INFO -   Retrieving: 1
2025-08-09 13:59:55,540 - enhanced_sourcepull - INFO -     ✗ Failed: All retrieval sources failed
2025-08-09 13:59:55,540 - enhanced_sourcepull - INFO -   Retrieving: 2
2025-08-09 13:59:55,540 - enhanced_sourcepull - INFO -     ✗ Failed: All retrieval sources failed
2025-08-09 13:59:55,541 - enhanced_sourcepull - INFO -   Retrieving: citation_1
2025-08-09 13:59:55,973 - enhanced_sourcepull - INFO -     ✗ Failed: All retrieval sources failed
2025-08-09 13:59:55,973 - enhanced_sourcepull - INFO -   Retrieving: citation_1
2025-08-09 13:59:55,973 - enhanced_sourcepull - INFO -     ✗ Failed: All retrieval sources failed
2025-08-09 13:59:55,973 - enhanced_sourcepull - INFO -   Retrieving: 1
2025-08-09 13:59:55,973 - enhanced_sourcepull - INFO -     ✗ Failed: All retrieval sources failed
2025-08-09 13:59:55,973 - enhanced_sourcepull - INFO -   Retrieving: 2
2025-08-09 13:59:56,810 - enhanced_sourcepull - INFO -     ✗ Failed: All retrieval sources failed
2025-08-09 13:59:56,810 - enhanced_sourcepull - INFO - Step 4: Generating final report...
2025-08-09 13:59:56,813 - enhanced_sourcepull - INFO - ======================================================================
2025-08-09 13:59:56,813 - enhanced_sourcepull - INFO - WORKFLOW COMPLETE
2025-08-09 13:59:56,813 - enhanced_sourcepull - INFO - ======================================================================
2025-08-09 13:59:56,813 - enhanced_sourcepull - INFO - Footnotes processed: 30
2025-08-09 13:59:56,813 - enhanced_sourcepull - INFO - Citations identified: 39
2025-08-09 13:59:56,813 - enhanced_sourcepull - INFO - PDFs retrieved: 5/39
2025-08-09 13:59:56,813 - enhanced_sourcepull - INFO - Success rate: 12.8%
2025-08-09 13:59:56,813 - enhanced_sourcepull - INFO - Report saved: output/data/Enhanced_Sourcepull/enhanced_sourcepull_report_20250809_135956.json
2025-08-09 13:59:56,813 - enhanced_sourcepull - INFO - ======================================================================
