2025-08-09 15:47:09,595 - enhanced_sourcepull - INFO - ======================================================================
2025-08-09 15:47:09,595 - enhanced_sourcepull - INFO - ENHANCED SOURCEPULL WORKFLOW
2025-08-09 15:47:09,595 - enhanced_sourcepull - INFO - Stanford Law Review - Readable PDF Retrieval
2025-08-09 15:47:09,595 - enhanced_sourcepull - INFO - ======================================================================
2025-08-09 15:47:09,595 - enhanced_sourcepull - INFO - Step 1: Extracting footnotes from document...
2025-08-09 15:47:09,627 - enhanced_sourcepull - INFO -   Extracted 1 footnotes
2025-08-09 15:47:09,627 - enhanced_sourcepull - INFO - Step 2: Parsing citations with GPT...
2025-08-09 15:47:09,627 - enhanced_sourcepull - INFO -   Parsing footnote 3...
2025-08-09 15:47:14,874 - enhanced_sourcepull - INFO -     Found 4 citations (confidence: 0.95)
2025-08-09 15:47:14,875 - enhanced_sourcepull - INFO -   Total citations identified: 4
2025-08-09 15:47:14,875 - enhanced_sourcepull - INFO - Step 3: Retrieving readable PDFs...
2025-08-09 15:47:14,875 - enhanced_sourcepull - INFO -   Retrieving: 1
2025-08-09 15:47:15,561 - enhanced_sourcepull - INFO -     ✗ Failed: All retrieval sources failed
2025-08-09 15:47:15,561 - enhanced_sourcepull - INFO -   Retrieving: 2
2025-08-09 15:47:16,322 - enhanced_sourcepull - INFO -     ✗ Failed: All retrieval sources failed
2025-08-09 15:47:16,322 - enhanced_sourcepull - INFO -   Retrieving: 3
2025-08-09 15:47:18,580 - enhanced_sourcepull - INFO -     ✗ Failed: All retrieval sources failed
2025-08-09 15:47:18,580 - enhanced_sourcepull - INFO -   Retrieving: 4
2025-08-09 15:47:19,282 - enhanced_sourcepull - INFO -     ✗ Failed: All retrieval sources failed
2025-08-09 15:47:19,282 - enhanced_sourcepull - INFO - Step 4: Generating final report...
2025-08-09 15:47:19,283 - enhanced_sourcepull - INFO - ======================================================================
2025-08-09 15:47:19,283 - enhanced_sourcepull - INFO - WORKFLOW COMPLETE
2025-08-09 15:47:19,283 - enhanced_sourcepull - INFO - ======================================================================
2025-08-09 15:47:19,284 - enhanced_sourcepull - INFO - Footnotes processed: 1
2025-08-09 15:47:19,284 - enhanced_sourcepull - INFO - Citations identified: 4
2025-08-09 15:47:19,284 - enhanced_sourcepull - INFO - PDFs retrieved: 0/4
2025-08-09 15:47:19,284 - enhanced_sourcepull - INFO - Success rate: 0.0%
2025-08-09 15:47:19,284 - enhanced_sourcepull - INFO - Report saved: output/data/Enhanced_Sourcepull/enhanced_sourcepull_report_20250809_154719.json
2025-08-09 15:47:19,284 - enhanced_sourcepull - INFO - ======================================================================
