2025-08-09 16:45:51,145 - enhanced_sourcepull - INFO - ======================================================================
2025-08-09 16:45:51,145 - enhanced_sourcepull - INFO - ENHANCED SOURCEPULL WORKFLOW
2025-08-09 16:45:51,145 - enhanced_sourcepull - INFO - Stanford Law Review - Readable PDF Retrieval
2025-08-09 16:45:51,145 - enhanced_sourcepull - INFO - ======================================================================
2025-08-09 16:45:51,145 - enhanced_sourcepull - INFO - Step 1: Extracting footnotes from document...
2025-08-09 16:45:51,177 - enhanced_sourcepull - INFO -   Extracted 1 footnotes
2025-08-09 16:45:51,177 - enhanced_sourcepull - INFO - Step 2: Parsing citations with GPT...
2025-08-09 16:45:51,177 - enhanced_sourcepull - INFO -   Parsing footnote 3...
2025-08-09 16:46:00,654 - enhanced_sourcepull - INFO -     Found 4 citations (confidence: 0.95)
2025-08-09 16:46:00,654 - enhanced_sourcepull - INFO -   Total citations identified: 4
2025-08-09 16:46:00,654 - enhanced_sourcepull - INFO - Step 3: Retrieving readable PDFs...
2025-08-09 16:46:00,654 - enhanced_sourcepull - INFO -   Retrieving: 1
2025-08-09 16:46:01,343 - enhanced_sourcepull - INFO -     ✓ Retrieved text file from cornell_lii
2025-08-09 16:46:01,344 - enhanced_sourcepull - INFO -   Retrieving: 2
2025-08-09 16:46:02,237 - enhanced_sourcepull - INFO -     ✓ Retrieved 29p PDF from courtlistener_pdf
2025-08-09 16:46:02,238 - enhanced_sourcepull - INFO -   Retrieving: 3
2025-08-09 16:46:09,298 - enhanced_sourcepull - INFO -     ✓ Retrieved 67p PDF from courtlistener_pdf
2025-08-09 16:46:09,298 - enhanced_sourcepull - INFO -   Retrieving: 4
2025-08-09 16:46:11,867 - enhanced_sourcepull - INFO -     ✗ Failed: All retrieval sources failed
2025-08-09 16:46:11,867 - enhanced_sourcepull - INFO - Step 4: Generating final report...
2025-08-09 16:46:11,868 - enhanced_sourcepull - INFO - ======================================================================
2025-08-09 16:46:11,868 - enhanced_sourcepull - INFO - WORKFLOW COMPLETE
2025-08-09 16:46:11,868 - enhanced_sourcepull - INFO - ======================================================================
2025-08-09 16:46:11,868 - enhanced_sourcepull - INFO - Footnotes processed: 1
2025-08-09 16:46:11,868 - enhanced_sourcepull - INFO - Citations identified: 4
2025-08-09 16:46:11,868 - enhanced_sourcepull - INFO - PDFs retrieved: 3/4
2025-08-09 16:46:11,868 - enhanced_sourcepull - INFO - Success rate: 75.0%
2025-08-09 16:46:11,868 - enhanced_sourcepull - INFO - Report saved: output/data/Enhanced_Sourcepull/enhanced_sourcepull_report_20250809_164611.json
2025-08-09 16:46:11,868 - enhanced_sourcepull - INFO - ======================================================================
