2025-08-09 15:44:35,951 - enhanced_sourcepull - INFO - ======================================================================
2025-08-09 15:44:35,951 - enhanced_sourcepull - INFO - ENHANCED SOURCEPULL WORKFLOW
2025-08-09 15:44:35,951 - enhanced_sourcepull - INFO - Stanford Law Review - Readable PDF Retrieval
2025-08-09 15:44:35,951 - enhanced_sourcepull - INFO - ======================================================================
2025-08-09 15:44:35,951 - enhanced_sourcepull - INFO - Step 1: Extracting footnotes from document...
2025-08-09 15:44:35,985 - enhanced_sourcepull - INFO -   Extracted 1 footnotes
2025-08-09 15:44:35,985 - enhanced_sourcepull - INFO - Step 2: Parsing citations with GPT...
2025-08-09 15:44:35,985 - enhanced_sourcepull - INFO -   Parsing footnote 3...
2025-08-09 15:44:44,263 - enhanced_sourcepull - INFO -     Found 4 citations (confidence: 0.95)
2025-08-09 15:44:44,264 - enhanced_sourcepull - INFO -   Total citations identified: 4
2025-08-09 15:44:44,264 - enhanced_sourcepull - INFO - Step 3: Retrieving readable PDFs...
2025-08-09 15:44:44,264 - enhanced_sourcepull - INFO -   Retrieving: 1
2025-08-09 15:44:45,385 - enhanced_sourcepull - INFO -     ✗ Failed: All retrieval sources failed
2025-08-09 15:44:45,385 - enhanced_sourcepull - INFO -   Retrieving: 2
2025-08-09 15:44:45,950 - enhanced_sourcepull - INFO -     ✗ Failed: All retrieval sources failed
2025-08-09 15:44:45,950 - enhanced_sourcepull - INFO -   Retrieving: 3
2025-08-09 15:44:48,446 - enhanced_sourcepull - INFO -     ✗ Failed: All retrieval sources failed
2025-08-09 15:44:48,446 - enhanced_sourcepull - INFO -   Retrieving: 4
2025-08-09 15:44:49,385 - enhanced_sourcepull - INFO -     ✗ Failed: All retrieval sources failed
2025-08-09 15:44:49,385 - enhanced_sourcepull - INFO - Step 4: Generating final report...
2025-08-09 15:44:49,386 - enhanced_sourcepull - INFO - ======================================================================
2025-08-09 15:44:49,386 - enhanced_sourcepull - INFO - WORKFLOW COMPLETE
2025-08-09 15:44:49,386 - enhanced_sourcepull - INFO - ======================================================================
2025-08-09 15:44:49,386 - enhanced_sourcepull - INFO - Footnotes processed: 1
2025-08-09 15:44:49,386 - enhanced_sourcepull - INFO - Citations identified: 4
2025-08-09 15:44:49,386 - enhanced_sourcepull - INFO - PDFs retrieved: 0/4
2025-08-09 15:44:49,386 - enhanced_sourcepull - INFO - Success rate: 0.0%
2025-08-09 15:44:49,386 - enhanced_sourcepull - INFO - Report saved: output/data/Enhanced_Sourcepull/enhanced_sourcepull_report_20250809_154449.json
2025-08-09 15:44:49,386 - enhanced_sourcepull - INFO - ======================================================================
