2025-08-09 13:05:38,452 - enhanced_sourcepull - INFO - ======================================================================
2025-08-09 13:05:38,452 - enhanced_sourcepull - INFO - ENHANCED SOURCEPULL WORKFLOW
2025-08-09 13:05:38,452 - enhanced_sourcepull - INFO - Stanford Law Review - Readable PDF Retrieval
2025-08-09 13:05:38,452 - enhanced_sourcepull - INFO - ======================================================================
2025-08-09 13:05:38,452 - enhanced_sourcepull - INFO - Step 1: Extracting footnotes from document...
2025-08-09 13:05:38,484 - enhanced_sourcepull - INFO -   Extracted 50 footnotes
2025-08-09 13:05:38,484 - enhanced_sourcepull - INFO - Step 2: Parsing citations with GPT...
2025-08-09 13:05:38,484 - enhanced_sourcepull - WARNING -   GPT parsing disabled - using fallback rule-based parsing
2025-08-09 13:05:38,484 - enhanced_sourcepull - INFO -   Parsing footnote 1 with fallback parser...
2025-08-09 13:05:38,484 - enhanced_sourcepull - INFO -     Found 0 citations (confidence: 0.10)
2025-08-09 13:05:38,484 - enhanced_sourcepull - INFO -   Parsing footnote 2 with fallback parser...
2025-08-09 13:05:38,484 - enhanced_sourcepull - INFO -     Found 0 citations (confidence: 0.10)
2025-08-09 13:05:38,484 - enhanced_sourcepull - INFO -   Parsing footnote 3 with fallback parser...
2025-08-09 13:05:38,484 - enhanced_sourcepull - INFO -     Found 4 citations (confidence: 0.70)
2025-08-09 13:05:38,484 - enhanced_sourcepull - INFO -   Parsing footnote 4 with fallback parser...
2025-08-09 13:05:38,484 - enhanced_sourcepull - INFO -     Found 1 citations (confidence: 0.70)
2025-08-09 13:05:38,484 - enhanced_sourcepull - INFO -   Parsing footnote 5 with fallback parser...
2025-08-09 13:05:38,484 - enhanced_sourcepull - INFO -     Found 1 citations (confidence: 0.70)
2025-08-09 13:05:38,484 - enhanced_sourcepull - INFO -   Parsing footnote 6 with fallback parser...
2025-08-09 13:05:38,484 - enhanced_sourcepull - INFO -     Found 0 citations (confidence: 0.30)
2025-08-09 13:05:38,484 - enhanced_sourcepull - INFO -   Parsing footnote 7 with fallback parser...
2025-08-09 13:05:38,484 - enhanced_sourcepull - INFO -     Found 0 citations (confidence: 0.30)
2025-08-09 13:05:38,484 - enhanced_sourcepull - INFO -   Parsing footnote 8 with fallback parser...
2025-08-09 13:05:38,484 - enhanced_sourcepull - INFO -     Found 0 citations (confidence: 0.10)
2025-08-09 13:05:38,484 - enhanced_sourcepull - INFO -   Parsing footnote 9 with fallback parser...
2025-08-09 13:05:38,484 - enhanced_sourcepull - INFO -     Found 0 citations (confidence: 0.10)
2025-08-09 13:05:38,484 - enhanced_sourcepull - INFO -   Parsing footnote 10 with fallback parser...
2025-08-09 13:05:38,484 - enhanced_sourcepull - INFO -     Found 0 citations (confidence: 0.10)
2025-08-09 13:05:38,484 - enhanced_sourcepull - INFO -   Parsing footnote 11 with fallback parser...
2025-08-09 13:05:38,484 - enhanced_sourcepull - INFO -     Found 1 citations (confidence: 0.70)
2025-08-09 13:05:38,484 - enhanced_sourcepull - INFO -   Parsing footnote 12 with fallback parser...
2025-08-09 13:05:38,484 - enhanced_sourcepull - INFO -     Found 0 citations (confidence: 0.30)
2025-08-09 13:05:38,484 - enhanced_sourcepull - INFO -   Parsing footnote 13 with fallback parser...
2025-08-09 13:05:38,484 - enhanced_sourcepull - INFO -     Found 1 citations (confidence: 0.70)
2025-08-09 13:05:38,484 - enhanced_sourcepull - INFO -   Parsing footnote 14 with fallback parser...
2025-08-09 13:05:38,484 - enhanced_sourcepull - INFO -     Found 0 citations (confidence: 0.10)
2025-08-09 13:05:38,484 - enhanced_sourcepull - INFO -   Parsing footnote 15 with fallback parser...
2025-08-09 13:05:38,485 - enhanced_sourcepull - INFO -     Found 0 citations (confidence: 0.10)
2025-08-09 13:05:38,485 - enhanced_sourcepull - INFO -   Parsing footnote 16 with fallback parser...
2025-08-09 13:05:38,485 - enhanced_sourcepull - INFO -     Found 0 citations (confidence: 0.30)
2025-08-09 13:05:38,485 - enhanced_sourcepull - INFO -   Parsing footnote 17 with fallback parser...
2025-08-09 13:05:38,485 - enhanced_sourcepull - INFO -     Found 0 citations (confidence: 0.30)
2025-08-09 13:05:38,485 - enhanced_sourcepull - INFO -   Parsing footnote 18 with fallback parser...
2025-08-09 13:05:38,485 - enhanced_sourcepull - INFO -     Found 1 citations (confidence: 0.70)
2025-08-09 13:05:38,485 - enhanced_sourcepull - INFO -   Parsing footnote 19 with fallback parser...
2025-08-09 13:05:38,485 - enhanced_sourcepull - INFO -     Found 0 citations (confidence: 0.30)
2025-08-09 13:05:38,485 - enhanced_sourcepull - INFO -   Parsing footnote 20 with fallback parser...
2025-08-09 13:05:38,485 - enhanced_sourcepull - INFO -     Found 1 citations (confidence: 0.70)
2025-08-09 13:05:38,485 - enhanced_sourcepull - INFO -   Parsing footnote 21 with fallback parser...
2025-08-09 13:05:38,485 - enhanced_sourcepull - INFO -     Found 1 citations (confidence: 0.70)
2025-08-09 13:05:38,485 - enhanced_sourcepull - INFO -   Parsing footnote 22 with fallback parser...
2025-08-09 13:05:38,485 - enhanced_sourcepull - INFO -     Found 1 citations (confidence: 0.70)
2025-08-09 13:05:38,485 - enhanced_sourcepull - INFO -   Parsing footnote 23 with fallback parser...
2025-08-09 13:05:38,485 - enhanced_sourcepull - INFO -     Found 1 citations (confidence: 0.70)
2025-08-09 13:05:38,485 - enhanced_sourcepull - INFO -   Parsing footnote 24 with fallback parser...
2025-08-09 13:05:38,485 - enhanced_sourcepull - INFO -     Found 1 citations (confidence: 0.70)
2025-08-09 13:05:38,485 - enhanced_sourcepull - INFO -   Parsing footnote 25 with fallback parser...
2025-08-09 13:05:38,485 - enhanced_sourcepull - INFO -     Found 1 citations (confidence: 0.70)
2025-08-09 13:05:38,485 - enhanced_sourcepull - INFO -   Parsing footnote 26 with fallback parser...
2025-08-09 13:05:38,485 - enhanced_sourcepull - INFO -     Found 1 citations (confidence: 0.70)
2025-08-09 13:05:38,485 - enhanced_sourcepull - INFO -   Parsing footnote 27 with fallback parser...
2025-08-09 13:05:38,485 - enhanced_sourcepull - INFO -     Found 0 citations (confidence: 0.30)
2025-08-09 13:05:38,485 - enhanced_sourcepull - INFO -   Parsing footnote 28 with fallback parser...
2025-08-09 13:05:38,485 - enhanced_sourcepull - INFO -     Found 1 citations (confidence: 0.70)
2025-08-09 13:05:38,485 - enhanced_sourcepull - INFO -   Parsing footnote 29 with fallback parser...
2025-08-09 13:05:38,485 - enhanced_sourcepull - INFO -     Found 1 citations (confidence: 0.70)
2025-08-09 13:05:38,485 - enhanced_sourcepull - INFO -   Parsing footnote 30 with fallback parser...
2025-08-09 13:05:38,485 - enhanced_sourcepull - INFO -     Found 1 citations (confidence: 0.70)
2025-08-09 13:05:38,485 - enhanced_sourcepull - INFO -   Parsing footnote 31 with fallback parser...
2025-08-09 13:05:38,485 - enhanced_sourcepull - INFO -     Found 0 citations (confidence: 0.10)
2025-08-09 13:05:38,485 - enhanced_sourcepull - INFO -   Parsing footnote 32 with fallback parser...
2025-08-09 13:05:38,485 - enhanced_sourcepull - INFO -     Found 0 citations (confidence: 0.30)
2025-08-09 13:05:38,485 - enhanced_sourcepull - INFO -   Parsing footnote 33 with fallback parser...
2025-08-09 13:05:38,485 - enhanced_sourcepull - INFO -     Found 0 citations (confidence: 0.30)
2025-08-09 13:05:38,485 - enhanced_sourcepull - INFO -   Parsing footnote 34 with fallback parser...
2025-08-09 13:05:38,485 - enhanced_sourcepull - INFO -     Found 0 citations (confidence: 0.30)
2025-08-09 13:05:38,485 - enhanced_sourcepull - INFO -   Parsing footnote 35 with fallback parser...
2025-08-09 13:05:38,485 - enhanced_sourcepull - INFO -     Found 0 citations (confidence: 0.10)
2025-08-09 13:05:38,485 - enhanced_sourcepull - INFO -   Parsing footnote 36 with fallback parser...
2025-08-09 13:05:38,485 - enhanced_sourcepull - INFO -     Found 0 citations (confidence: 0.10)
2025-08-09 13:05:38,485 - enhanced_sourcepull - INFO -   Parsing footnote 37 with fallback parser...
2025-08-09 13:05:38,485 - enhanced_sourcepull - INFO -     Found 0 citations (confidence: 0.30)
2025-08-09 13:05:38,485 - enhanced_sourcepull - INFO -   Parsing footnote 38 with fallback parser...
2025-08-09 13:05:38,485 - enhanced_sourcepull - INFO -     Found 0 citations (confidence: 0.30)
2025-08-09 13:05:38,485 - enhanced_sourcepull - INFO -   Parsing footnote 39 with fallback parser...
2025-08-09 13:05:38,485 - enhanced_sourcepull - INFO -     Found 0 citations (confidence: 0.30)
2025-08-09 13:05:38,485 - enhanced_sourcepull - INFO -   Parsing footnote 40 with fallback parser...
2025-08-09 13:05:38,485 - enhanced_sourcepull - INFO -     Found 0 citations (confidence: 0.30)
2025-08-09 13:05:38,485 - enhanced_sourcepull - INFO -   Parsing footnote 41 with fallback parser...
2025-08-09 13:05:38,486 - enhanced_sourcepull - INFO -     Found 1 citations (confidence: 0.70)
2025-08-09 13:05:38,486 - enhanced_sourcepull - INFO -   Parsing footnote 42 with fallback parser...
2025-08-09 13:05:38,486 - enhanced_sourcepull - INFO -     Found 0 citations (confidence: 0.30)
2025-08-09 13:05:38,486 - enhanced_sourcepull - INFO -   Parsing footnote 43 with fallback parser...
2025-08-09 13:05:38,486 - enhanced_sourcepull - INFO -     Found 0 citations (confidence: 0.30)
2025-08-09 13:05:38,486 - enhanced_sourcepull - INFO -   Parsing footnote 44 with fallback parser...
2025-08-09 13:05:38,486 - enhanced_sourcepull - INFO -     Found 0 citations (confidence: 0.30)
2025-08-09 13:05:38,486 - enhanced_sourcepull - INFO -   Parsing footnote 45 with fallback parser...
2025-08-09 13:05:38,486 - enhanced_sourcepull - INFO -     Found 0 citations (confidence: 0.30)
2025-08-09 13:05:38,486 - enhanced_sourcepull - INFO -   Parsing footnote 46 with fallback parser...
2025-08-09 13:05:38,486 - enhanced_sourcepull - INFO -     Found 1 citations (confidence: 0.70)
2025-08-09 13:05:38,486 - enhanced_sourcepull - INFO -   Parsing footnote 47 with fallback parser...
2025-08-09 13:05:38,486 - enhanced_sourcepull - INFO -     Found 0 citations (confidence: 0.30)
2025-08-09 13:05:38,486 - enhanced_sourcepull - INFO -   Parsing footnote 48 with fallback parser...
2025-08-09 13:05:38,486 - enhanced_sourcepull - INFO -     Found 0 citations (confidence: 0.30)
2025-08-09 13:05:38,486 - enhanced_sourcepull - INFO -   Parsing footnote 49 with fallback parser...
2025-08-09 13:05:38,486 - enhanced_sourcepull - INFO -     Found 0 citations (confidence: 0.30)
2025-08-09 13:05:38,486 - enhanced_sourcepull - INFO -   Parsing footnote 50 with fallback parser...
2025-08-09 13:05:38,486 - enhanced_sourcepull - INFO -     Found 0 citations (confidence: 0.30)
2025-08-09 13:05:38,486 - enhanced_sourcepull - INFO -   Total citations identified: 21
2025-08-09 13:05:38,486 - enhanced_sourcepull - INFO - Step 3: Retrieving readable PDFs...
2025-08-09 13:05:38,486 - enhanced_sourcepull - INFO -   Retrieving: fn3_usc_21_355(c)(3)(C)
2025-08-09 13:05:39,156 - enhanced_sourcepull - INFO -     ✗ Failed: All retrieval sources failed
2025-08-09 13:05:39,156 - enhanced_sourcepull - INFO -   Retrieving: fn3_fed_919_1333
2025-08-09 13:05:39,549 - enhanced_sourcepull - INFO -     ✓ Retrieved 5p PDF from supreme_court_official
2025-08-09 13:05:39,550 - enhanced_sourcepull - INFO -   Retrieving: fn3_fed_785_625
2025-08-09 13:05:39,780 - enhanced_sourcepull - INFO -     ✓ Retrieved 5p PDF from supreme_court_official
2025-08-09 13:05:39,780 - enhanced_sourcepull - INFO -   Retrieving: fn3_fed_633_1042
2025-08-09 13:05:39,920 - enhanced_sourcepull - INFO -     ✓ Retrieved 5p PDF from supreme_court_official
2025-08-09 13:05:39,920 - enhanced_sourcepull - INFO -   Retrieving: fn4_fed_7_1320
2025-08-09 13:05:39,920 - enhanced_sourcepull - INFO -     ✗ Failed: All retrieval sources failed
2025-08-09 13:05:39,920 - enhanced_sourcepull - INFO -   Retrieving: fn5_fed_316_1348
2025-08-09 13:05:39,920 - enhanced_sourcepull - INFO -     ✗ Failed: All retrieval sources failed
2025-08-09 13:05:39,920 - enhanced_sourcepull - INFO -   Retrieving: fn11_usc_21_321(m)_
2025-08-09 13:05:40,268 - enhanced_sourcepull - INFO -     ✗ Failed: All retrieval sources failed
2025-08-09 13:05:40,269 - enhanced_sourcepull - INFO -   Retrieving: fn13_cfr_21_201_57
2025-08-09 13:05:40,269 - enhanced_sourcepull - INFO -     ✗ Failed: All retrieval sources failed
2025-08-09 13:05:40,269 - enhanced_sourcepull - INFO -   Retrieving: fn18_usc_35_271(e)(2)(A)_
2025-08-09 13:05:40,571 - enhanced_sourcepull - INFO -     ✗ Failed: All retrieval sources failed
2025-08-09 13:05:40,571 - enhanced_sourcepull - INFO -   Retrieving: fn20_usc_21_355(j)(2)(A)(i)_
2025-08-09 13:05:40,994 - enhanced_sourcepull - INFO -     ✗ Failed: All retrieval sources failed
2025-08-09 13:05:40,995 - enhanced_sourcepull - INFO -   Retrieving: fn21_usc_35_271(b)
2025-08-09 13:05:41,341 - enhanced_sourcepull - INFO -     ✗ Failed: All retrieval sources failed
2025-08-09 13:05:41,342 - enhanced_sourcepull - INFO -   Retrieving: fn22_usc_21_355(j)(2)(A)(viii)_
2025-08-09 13:05:41,717 - enhanced_sourcepull - INFO -     ✗ Failed: All retrieval sources failed
2025-08-09 13:05:41,717 - enhanced_sourcepull - INFO -   Retrieving: fn23_us_566_399
2025-08-09 13:05:42,139 - enhanced_sourcepull - INFO -     ✓ Retrieved 940p PDF from supreme_court_official
2025-08-09 13:05:42,139 - enhanced_sourcepull - INFO -   Retrieving: fn24_fed_930_72
2025-08-09 13:05:42,254 - enhanced_sourcepull - INFO -     ✓ Retrieved 5p PDF from supreme_court_official
2025-08-09 13:05:42,255 - enhanced_sourcepull - INFO -   Retrieving: fn25_usc_28_1295(a)(1)_
2025-08-09 13:05:42,580 - enhanced_sourcepull - INFO -     ✗ Failed: All retrieval sources failed
2025-08-09 13:05:42,581 - enhanced_sourcepull - INFO -   Retrieving: fn26_fed_7_1320
2025-08-09 13:05:42,581 - enhanced_sourcepull - INFO -     ✗ Failed: All retrieval sources failed
2025-08-09 13:05:42,581 - enhanced_sourcepull - INFO -   Retrieving: fn28_fed_316_1348
2025-08-09 13:05:42,585 - enhanced_sourcepull - INFO -     ✗ Failed: All retrieval sources failed
2025-08-09 13:05:42,585 - enhanced_sourcepull - INFO -   Retrieving: fn29_fed_4_1360
2025-08-09 13:05:42,585 - enhanced_sourcepull - INFO -     ✗ Failed: All retrieval sources failed
2025-08-09 13:05:42,585 - enhanced_sourcepull - INFO -   Retrieving: fn30_fed_104_1370
2025-08-09 13:05:42,585 - enhanced_sourcepull - INFO -     ✗ Failed: All retrieval sources failed
2025-08-09 13:05:42,585 - enhanced_sourcepull - INFO -   Retrieving: fn41_usc_21_3
2025-08-09 13:05:42,893 - enhanced_sourcepull - INFO -     ✗ Failed: All retrieval sources failed
2025-08-09 13:05:42,893 - enhanced_sourcepull - INFO -   Retrieving: fn46_cfr_21_201_56(d)(1)_
2025-08-09 13:05:42,893 - enhanced_sourcepull - INFO -     ✗ Failed: All retrieval sources failed
2025-08-09 13:05:42,893 - enhanced_sourcepull - INFO - Step 4: Generating final report...
2025-08-09 13:05:42,894 - enhanced_sourcepull - INFO - ======================================================================
2025-08-09 13:05:42,894 - enhanced_sourcepull - INFO - WORKFLOW COMPLETE
2025-08-09 13:05:42,894 - enhanced_sourcepull - INFO - ======================================================================
2025-08-09 13:05:42,894 - enhanced_sourcepull - INFO - Footnotes processed: 50
2025-08-09 13:05:42,894 - enhanced_sourcepull - INFO - Citations identified: 21
2025-08-09 13:05:42,894 - enhanced_sourcepull - INFO - PDFs retrieved: 5/21
2025-08-09 13:05:42,894 - enhanced_sourcepull - INFO - Success rate: 23.8%
2025-08-09 13:05:42,894 - enhanced_sourcepull - INFO - Report saved: output/data/Enhanced_Sourcepull/enhanced_sourcepull_report_20250809_130542.json
2025-08-09 13:05:42,894 - enhanced_sourcepull - INFO - ======================================================================
