2025-08-09 13:49:30,617 - enhanced_sourcepull - INFO - ======================================================================
2025-08-09 13:49:30,617 - enhanced_sourcepull - INFO - ENHANCED SOURCEPULL WORKFLOW
2025-08-09 13:49:30,617 - enhanced_sourcepull - INFO - Stanford Law Review - Readable PDF Retrieval
2025-08-09 13:49:30,617 - enhanced_sourcepull - INFO - ======================================================================
2025-08-09 13:49:30,617 - enhanced_sourcepull - INFO - Step 1: Extracting footnotes from document...
2025-08-09 13:49:30,691 - enhanced_sourcepull - INFO -   Extracted 5 footnotes
2025-08-09 13:49:30,692 - enhanced_sourcepull - INFO - Step 2: Parsing citations with GPT...
2025-08-09 13:49:30,692 - enhanced_sourcepull - INFO -   Parsing footnote 1...
2025-08-09 13:49:35,696 - enhanced_sourcepull - INFO -     Found 0 citations (confidence: 0.99)
2025-08-09 13:49:35,696 - enhanced_sourcepull - INFO -   Parsing footnote 2...
2025-08-09 13:49:41,657 - enhanced_sourcepull - INFO -     Found 0 citations (confidence: 0.99)
2025-08-09 13:49:41,657 - enhanced_sourcepull - INFO -   Parsing footnote 3...
2025-08-09 13:50:03,798 - enhanced_sourcepull - INFO -     Found 0 citations (confidence: 0.00)
2025-08-09 13:50:03,798 - enhanced_sourcepull - INFO -   Parsing footnote 4...
2025-08-09 13:50:43,338 - enhanced_sourcepull - INFO -     Found 0 citations (confidence: 0.00)
2025-08-09 13:50:43,338 - enhanced_sourcepull - INFO -   Parsing footnote 5...
2025-08-09 13:50:57,286 - enhanced_sourcepull - INFO -     Found 1 citations (confidence: 0.98)
2025-08-09 13:50:57,287 - enhanced_sourcepull - INFO -   Total citations identified: 1
2025-08-09 13:50:57,287 - enhanced_sourcepull - INFO - Step 3: Retrieving readable PDFs...
2025-08-09 13:50:57,287 - enhanced_sourcepull - INFO -   Retrieving: c1
2025-08-09 13:50:58,073 - enhanced_sourcepull - INFO -     ✗ Failed: All retrieval sources failed
2025-08-09 13:50:58,073 - enhanced_sourcepull - INFO - Step 4: Generating final report...
2025-08-09 13:50:58,074 - enhanced_sourcepull - INFO - ======================================================================
2025-08-09 13:50:58,074 - enhanced_sourcepull - INFO - WORKFLOW COMPLETE
2025-08-09 13:50:58,074 - enhanced_sourcepull - INFO - ======================================================================
2025-08-09 13:50:58,074 - enhanced_sourcepull - INFO - Footnotes processed: 5
2025-08-09 13:50:58,074 - enhanced_sourcepull - INFO - Citations identified: 1
2025-08-09 13:50:58,074 - enhanced_sourcepull - INFO - PDFs retrieved: 0/1
2025-08-09 13:50:58,074 - enhanced_sourcepull - INFO - Success rate: 0.0%
2025-08-09 13:50:58,074 - enhanced_sourcepull - INFO - Report saved: output/data/Enhanced_Sourcepull/enhanced_sourcepull_report_20250809_135058.json
2025-08-09 13:50:58,074 - enhanced_sourcepull - INFO - ======================================================================
