2025-08-08 23:38:12,256 - src.core.sourcepull_system - INFO - Processing FN3: 21 U.S.C. § 355(c)(3)(C);  see also  Grunenthal GMBH v. Alkem Lab’ys Ltd., 919 F.3d 1333, 1339 (Fed....
2025-08-08 23:38:12,256 - src.core.sourcepull_system - INFO -   Identified as: federal_statute (priority: 1)
2025-08-08 23:38:13,143 - src.core.sourcepull_system - INFO -   ✗ Failed with govinfo: Document not found in GovInfo
2025-08-08 23:38:13,143 - src.core.sourcepull_system - INFO -   ✗ Failed with congress_gov: Congress.gov retrieval not implemented
2025-08-08 23:38:13,143 - src.core.sourcepull_system - INFO -   ✗ Failed with cornell_lii: Cornell LII retrieval not implemented
2025-08-08 23:38:13,144 - src.core.sourcepull_system - INFO -   ✗ Failed with justia: Justia retrieval not implemented
2025-08-08 23:38:13,144 - src.core.sourcepull_system - INFO -   ✗ Failed with heinonline: HeinOnline not configured
2025-08-08 23:38:13,144 - src.core.sourcepull_system - INFO -   ✗ Failed with westlaw: Westlaw not configured
2025-08-08 23:38:13,144 - src.core.sourcepull_system - INFO -   ✗ Failed with lexis: Lexis not configured
2025-08-08 23:38:13,144 - src.core.sourcepull_system - WARNING -   ⚠ Requires manual retrieval for FN3
2025-08-08 23:38:13,144 - src.core.sourcepull_system - INFO - Processing FN11: 21 U.S.C. § 321(m)....
2025-08-08 23:38:13,144 - src.core.sourcepull_system - INFO -   Identified as: federal_statute (priority: 1)
2025-08-08 23:38:13,485 - src.core.sourcepull_system - INFO -   ✗ Failed with govinfo: Document not found in GovInfo
2025-08-08 23:38:13,485 - src.core.sourcepull_system - INFO -   ✗ Failed with congress_gov: Congress.gov retrieval not implemented
2025-08-08 23:38:13,485 - src.core.sourcepull_system - INFO -   ✗ Failed with cornell_lii: Cornell LII retrieval not implemented
2025-08-08 23:38:13,485 - src.core.sourcepull_system - INFO -   ✗ Failed with justia: Justia retrieval not implemented
2025-08-08 23:38:13,485 - src.core.sourcepull_system - INFO -   ✗ Failed with heinonline: HeinOnline not configured
2025-08-08 23:38:13,485 - src.core.sourcepull_system - INFO -   ✗ Failed with westlaw: Westlaw not configured
2025-08-08 23:38:13,486 - src.core.sourcepull_system - INFO -   ✗ Failed with lexis: Lexis not configured
2025-08-08 23:38:13,486 - src.core.sourcepull_system - WARNING -   ⚠ Requires manual retrieval for FN11
2025-08-08 23:38:13,486 - src.core.sourcepull_system - INFO - Processing FN18: 35 U.S.C. § 271(e)(2)(A)....
2025-08-08 23:38:13,486 - src.core.sourcepull_system - INFO -   Identified as: federal_statute (priority: 1)
2025-08-08 23:38:13,682 - src.core.sourcepull_system - INFO -   ✗ Failed with govinfo: Document not found in GovInfo
2025-08-08 23:38:13,682 - src.core.sourcepull_system - INFO -   ✗ Failed with congress_gov: Congress.gov retrieval not implemented
2025-08-08 23:38:13,682 - src.core.sourcepull_system - INFO -   ✗ Failed with cornell_lii: Cornell LII retrieval not implemented
2025-08-08 23:38:13,682 - src.core.sourcepull_system - INFO -   ✗ Failed with justia: Justia retrieval not implemented
2025-08-08 23:38:13,682 - src.core.sourcepull_system - INFO -   ✗ Failed with heinonline: HeinOnline not configured
2025-08-08 23:38:13,683 - src.core.sourcepull_system - INFO -   ✗ Failed with westlaw: Westlaw not configured
2025-08-08 23:38:13,683 - src.core.sourcepull_system - INFO -   ✗ Failed with lexis: Lexis not configured
2025-08-08 23:38:13,683 - src.core.sourcepull_system - WARNING -   ⚠ Requires manual retrieval for FN18
2025-08-08 23:38:13,683 - src.core.sourcepull_system - INFO - Processing FN20: 21 U.S.C. § 355(j)(2)(A)(i)....
2025-08-08 23:38:13,683 - src.core.sourcepull_system - INFO -   Identified as: federal_statute (priority: 1)
2025-08-08 23:38:14,018 - src.core.sourcepull_system - INFO -   ✗ Failed with govinfo: Document not found in GovInfo
2025-08-08 23:38:14,018 - src.core.sourcepull_system - INFO -   ✗ Failed with congress_gov: Congress.gov retrieval not implemented
2025-08-08 23:38:14,019 - src.core.sourcepull_system - INFO -   ✗ Failed with cornell_lii: Cornell LII retrieval not implemented
2025-08-08 23:38:14,019 - src.core.sourcepull_system - INFO -   ✗ Failed with justia: Justia retrieval not implemented
2025-08-08 23:38:14,019 - src.core.sourcepull_system - INFO -   ✗ Failed with heinonline: HeinOnline not configured
2025-08-08 23:38:14,019 - src.core.sourcepull_system - INFO -   ✗ Failed with westlaw: Westlaw not configured
2025-08-08 23:38:14,019 - src.core.sourcepull_system - INFO -   ✗ Failed with lexis: Lexis not configured
2025-08-08 23:38:14,019 - src.core.sourcepull_system - WARNING -   ⚠ Requires manual retrieval for FN20
2025-08-08 23:38:14,020 - src.core.sourcepull_system - INFO - Report saved to output/data/Sourcepull/sourcepull_report.json
