# {"log_type": "API_USAGE_LOG", "version": "1.0", "created": "2025-08-08T23:38:12.256845", "format": "JSONL", "description": "Stanford Law Review API Usage Audit Log"}
# Each subsequent line is a JSON object representing an API call
#======================================================================
{"timestamp": "2025-08-08T23:38:12.256962", "api_name": "govinfo", "endpoint": "https://api.govinfo.gov/collections/USCODE/search", "method": "GET", "response_code": null, "success": false, "footnote_number": 3, "parameters": {"query": "title:21 AND section:355"}, "citation_preview": "21 U.S.C. \u00a7 355", "checksum": "3ecef3366d1765ca"}
{"timestamp": "2025-08-08T23:38:13.142463", "api_name": "govinfo", "endpoint": "https://api.govinfo.gov/collections/USCODE/search", "method": "GET", "response_code": 400, "success": false, "footnote_number": 3, "checksum": "d03796236ae4e9fa"}
{"timestamp": "2025-08-08T23:38:13.144860", "api_name": "govinfo", "endpoint": "https://api.govinfo.gov/collections/USCODE/search", "method": "GET", "response_code": null, "success": false, "footnote_number": 11, "parameters": {"query": "title:21 AND section:321"}, "citation_preview": "21 U.S.C. \u00a7 321", "checksum": "075bcdaa8824a28a"}
{"timestamp": "2025-08-08T23:38:13.484491", "api_name": "govinfo", "endpoint": "https://api.govinfo.gov/collections/USCODE/search", "method": "GET", "response_code": 400, "success": false, "footnote_number": 11, "checksum": "1b3c74eb514da027"}
{"timestamp": "2025-08-08T23:38:13.486508", "api_name": "govinfo", "endpoint": "https://api.govinfo.gov/collections/USCODE/search", "method": "GET", "response_code": null, "success": false, "footnote_number": 18, "parameters": {"query": "title:35 AND section:271"}, "citation_preview": "35 U.S.C. \u00a7 271", "checksum": "5151ee0506c92ac0"}
{"timestamp": "2025-08-08T23:38:13.681376", "api_name": "govinfo", "endpoint": "https://api.govinfo.gov/collections/USCODE/search", "method": "GET", "response_code": 400, "success": false, "footnote_number": 18, "checksum": "908411c17051d24a"}
{"timestamp": "2025-08-08T23:38:13.683617", "api_name": "govinfo", "endpoint": "https://api.govinfo.gov/collections/USCODE/search", "method": "GET", "response_code": null, "success": false, "footnote_number": 20, "parameters": {"query": "title:21 AND section:355"}, "citation_preview": "21 U.S.C. \u00a7 355", "checksum": "808b240f97cf3e8f"}
{"timestamp": "2025-08-08T23:38:14.017990", "api_name": "govinfo", "endpoint": "https://api.govinfo.gov/collections/USCODE/search", "method": "GET", "response_code": 400, "success": false, "footnote_number": 20, "checksum": "d60e9dfe6ce6a775"}
{"timestamp": "2025-08-08T23:39:05.639902", "api_name": "govinfo", "endpoint": "https://api.govinfo.gov/collections/USCODE/search", "method": "GET", "response_code": null, "success": false, "footnote_number": 18, "parameters": {"query": "title:35 AND section:271"}, "citation_preview": "35 U.S.C. \u00a7 271", "checksum": "b0100ab36b9020f7"}
{"timestamp": "2025-08-08T23:39:06.288163", "api_name": "govinfo", "endpoint": "https://api.govinfo.gov/collections/USCODE/search", "method": "GET", "response_code": 400, "success": false, "footnote_number": 18, "checksum": "8d24cd00464de2b2"}
{"timestamp": "2025-08-08T23:39:56.437412", "api_name": "govinfo", "endpoint": "https://api.govinfo.gov/search", "method": "POST", "response_code": null, "success": false, "footnote_number": 3, "parameters": {"query": "collection:(USCODE) AND title:35 AND section:101"}, "citation_preview": "35 U.S.C. \u00a7 101", "checksum": "67bd5904ef1fbb59"}
{"timestamp": "2025-08-08T23:39:57.098959", "api_name": "govinfo", "endpoint": "https://api.govinfo.gov/search", "method": "POST", "response_code": 500, "success": false, "footnote_number": 3, "checksum": "7d0d48660da64eb6"}
{"timestamp": "2025-08-08T23:39:57.100005", "api_name": "courtlistener", "endpoint": "https://www.courtlistener.com/api/rest/v3/search/", "method": "GET", "response_code": null, "success": false, "footnote_number": 6, "parameters": {"q": "Diamond Chakrabarty", "type": "o", "order_by": "score desc"}, "citation_preview": "Diamond v. Chakrabarty", "checksum": "eb08aa578607ff32"}
{"timestamp": "2025-08-08T23:39:57.521549", "api_name": "courtlistener", "endpoint": "https://www.courtlistener.com/api/rest/v3/search/", "method": "GET", "response_code": 200, "success": true, "footnote_number": 6, "parameters": {"q": "Diamond Chakrabarty", "type": "o", "order_by": "score desc"}, "checksum": "f71422d6d8df3db6"}
{"timestamp": "2025-08-08T23:39:57.522279", "api_name": "courtlistener", "endpoint": "https://www.courtlistener.com/api/rest/v3/opinions/6029635/pdf/", "method": "GET", "response_code": null, "success": false, "footnote_number": 6, "checksum": "ddbc2f97b9b723cd"}
{"timestamp": "2025-08-08T23:39:57.671359", "api_name": "courtlistener", "endpoint": "https://www.courtlistener.com/api/rest/v3/opinions/6029635/pdf/", "method": "GET", "response_code": 404, "success": false, "footnote_number": 6, "checksum": "eb3a74953eeba86f"}
{"timestamp": "2025-08-08T23:49:05.977227", "api_name": "govinfo", "endpoint": "https://api.govinfo.gov/search", "method": "POST", "response_code": null, "success": false, "footnote_number": 3, "parameters": {"query": "collection:(USCODE) AND title:21 AND section:355"}, "citation_preview": "21 U.S.C. \u00a7 355", "checksum": "124ca9eb55f1eb8e"}
{"timestamp": "2025-08-08T23:49:06.726845", "api_name": "govinfo", "endpoint": "https://api.govinfo.gov/search", "method": "POST", "response_code": 500, "success": false, "footnote_number": 3, "checksum": "724d625308f5a00c"}
{"timestamp": "2025-08-08T23:49:06.730904", "api_name": "govinfo", "endpoint": "https://api.govinfo.gov/search", "method": "POST", "response_code": null, "success": false, "footnote_number": 11, "parameters": {"query": "collection:(USCODE) AND title:21 AND section:321"}, "citation_preview": "21 U.S.C. \u00a7 321", "checksum": "6ef40c726f150cbd"}
{"timestamp": "2025-08-08T23:49:07.067712", "api_name": "govinfo", "endpoint": "https://api.govinfo.gov/search", "method": "POST", "response_code": 500, "success": false, "footnote_number": 11, "checksum": "f632f70e77f782ac"}
{"timestamp": "2025-08-08T23:49:07.070525", "api_name": "govinfo", "endpoint": "https://api.govinfo.gov/search", "method": "POST", "response_code": null, "success": false, "footnote_number": 18, "parameters": {"query": "collection:(USCODE) AND title:35 AND section:271"}, "citation_preview": "35 U.S.C. \u00a7 271", "checksum": "c9fa96cb6ac1d3ff"}
{"timestamp": "2025-08-08T23:49:07.578963", "api_name": "govinfo", "endpoint": "https://api.govinfo.gov/search", "method": "POST", "response_code": 500, "success": false, "footnote_number": 18, "checksum": "8ed6033bd6fd2b19"}
{"timestamp": "2025-08-08T23:54:47.290553", "api_name": "govinfo", "endpoint": "https://api.govinfo.gov/collections/USCODE", "method": "GET", "response_code": null, "success": false, "footnote_number": 3, "parameters": {"title": "21", "section": "355"}, "citation_preview": "21 U.S.C. \u00a7 355", "checksum": "bc6dae405c250c2f"}
{"timestamp": "2025-08-08T23:54:48.121041", "api_name": "govinfo", "endpoint": "https://api.govinfo.gov/collections/USCODE", "method": "GET", "response_code": 500, "success": false, "footnote_number": 3, "checksum": "053fe02b3f53b4fe"}
{"timestamp": "2025-08-08T23:54:48.122891", "api_name": "cornell_lii", "endpoint": "https://www.law.cornell.edu/uscode/text/21/355", "method": "GET", "response_code": null, "success": false, "footnote_number": 3, "parameters": {"title": "21", "section": "355"}, "citation_preview": "21 U.S.C. \u00a7 355", "checksum": "8eb59ed833364d03"}
{"timestamp": "2025-08-08T23:54:48.452427", "api_name": "cornell_lii", "endpoint": "https://www.law.cornell.edu/uscode/text/21/355", "method": "GET", "response_code": 200, "success": true, "footnote_number": 3, "checksum": "6261bcf162c9c68b"}
{"timestamp": "2025-08-08T23:54:48.457536", "api_name": "govinfo", "endpoint": "https://api.govinfo.gov/collections/USCODE", "method": "GET", "response_code": null, "success": false, "footnote_number": 11, "parameters": {"title": "21", "section": "321"}, "citation_preview": "21 U.S.C. \u00a7 321", "checksum": "5a13c571175752f8"}
{"timestamp": "2025-08-08T23:54:48.792577", "api_name": "govinfo", "endpoint": "https://api.govinfo.gov/collections/USCODE", "method": "GET", "response_code": 500, "success": false, "footnote_number": 11, "checksum": "48ef01ee834e763f"}
{"timestamp": "2025-08-08T23:54:48.793147", "api_name": "cornell_lii", "endpoint": "https://www.law.cornell.edu/uscode/text/21/321", "method": "GET", "response_code": null, "success": false, "footnote_number": 11, "parameters": {"title": "21", "section": "321"}, "citation_preview": "21 U.S.C. \u00a7 321", "checksum": "180d47329e858c19"}
{"timestamp": "2025-08-08T23:54:48.843216", "api_name": "cornell_lii", "endpoint": "https://www.law.cornell.edu/uscode/text/21/321", "method": "GET", "response_code": 200, "success": true, "footnote_number": 11, "checksum": "2688e18ab749a7c6"}
{"timestamp": "2025-08-08T23:54:48.847200", "api_name": "govinfo", "endpoint": "https://api.govinfo.gov/collections/USCODE", "method": "GET", "response_code": null, "success": false, "footnote_number": 15, "parameters": {"title": "21", "section": "331"}, "citation_preview": "21 U.S.C. \u00a7 331", "checksum": "dcc3218de84b5c80"}
{"timestamp": "2025-08-08T23:54:49.183110", "api_name": "govinfo", "endpoint": "https://api.govinfo.gov/collections/USCODE", "method": "GET", "response_code": 500, "success": false, "footnote_number": 15, "checksum": "3f55ea7861e29199"}
{"timestamp": "2025-08-08T23:54:49.183359", "api_name": "cornell_lii", "endpoint": "https://www.law.cornell.edu/uscode/text/21/331", "method": "GET", "response_code": null, "success": false, "footnote_number": 15, "parameters": {"title": "21", "section": "331"}, "citation_preview": "21 U.S.C. \u00a7 331", "checksum": "2dd5c6ce85abfe0e"}
{"timestamp": "2025-08-08T23:54:49.225473", "api_name": "cornell_lii", "endpoint": "https://www.law.cornell.edu/uscode/text/21/331", "method": "GET", "response_code": 200, "success": true, "footnote_number": 15, "checksum": "6c6c17b5bf612a39"}
{"timestamp": "2025-08-08T23:54:49.227773", "api_name": "govinfo", "endpoint": "https://api.govinfo.gov/collections/USCODE", "method": "GET", "response_code": null, "success": false, "footnote_number": 18, "parameters": {"title": "35", "section": "271"}, "citation_preview": "35 U.S.C. \u00a7 271", "checksum": "b2223a0d5bf5db11"}
{"timestamp": "2025-08-08T23:54:49.562173", "api_name": "govinfo", "endpoint": "https://api.govinfo.gov/collections/USCODE", "method": "GET", "response_code": 500, "success": false, "footnote_number": 18, "checksum": "7344ec32bbfa712d"}
{"timestamp": "2025-08-08T23:54:49.563892", "api_name": "cornell_lii", "endpoint": "https://www.law.cornell.edu/uscode/text/35/271", "method": "GET", "response_code": null, "success": false, "footnote_number": 18, "parameters": {"title": "35", "section": "271"}, "citation_preview": "35 U.S.C. \u00a7 271", "checksum": "a7bd8aed69c2eee0"}
{"timestamp": "2025-08-08T23:54:49.610847", "api_name": "cornell_lii", "endpoint": "https://www.law.cornell.edu/uscode/text/35/271", "method": "GET", "response_code": 200, "success": true, "footnote_number": 18, "checksum": "f88c354fd9327112"}
{"timestamp": "2025-08-08T23:54:49.615387", "api_name": "govinfo", "endpoint": "https://api.govinfo.gov/collections/USCODE", "method": "GET", "response_code": null, "success": false, "footnote_number": 20, "parameters": {"title": "21", "section": "355"}, "citation_preview": "21 U.S.C. \u00a7 355", "checksum": "84718fb3feacaa4f"}
{"timestamp": "2025-08-08T23:54:49.926016", "api_name": "govinfo", "endpoint": "https://api.govinfo.gov/collections/USCODE", "method": "GET", "response_code": 500, "success": false, "footnote_number": 20, "checksum": "f68db67b6ae94c5d"}
{"timestamp": "2025-08-08T23:54:49.926633", "api_name": "cornell_lii", "endpoint": "https://www.law.cornell.edu/uscode/text/21/355", "method": "GET", "response_code": null, "success": false, "footnote_number": 20, "parameters": {"title": "21", "section": "355"}, "citation_preview": "21 U.S.C. \u00a7 355", "checksum": "52d0e979d3b1fa75"}
{"timestamp": "2025-08-08T23:54:50.063050", "api_name": "cornell_lii", "endpoint": "https://www.law.cornell.edu/uscode/text/21/355", "method": "GET", "response_code": 200, "success": true, "footnote_number": 20, "checksum": "8322d7391dee2799"}
{"timestamp": "2025-08-08T23:54:55.264084", "api_name": "govinfo", "endpoint": "https://api.govinfo.gov/collections/USCODE", "method": "GET", "response_code": null, "success": false, "footnote_number": 3, "parameters": {"title": "21", "section": "355"}, "citation_preview": "21 U.S.C. \u00a7 355", "checksum": "8c785633c974af4f"}
{"timestamp": "2025-08-08T23:54:55.765771", "api_name": "govinfo", "endpoint": "https://api.govinfo.gov/collections/USCODE", "method": "GET", "response_code": 500, "success": false, "footnote_number": 3, "checksum": "acce1fd35278d283"}
{"timestamp": "2025-08-08T23:54:55.767147", "api_name": "cornell_lii", "endpoint": "https://www.law.cornell.edu/uscode/text/21/355", "method": "GET", "response_code": null, "success": false, "footnote_number": 3, "parameters": {"title": "21", "section": "355"}, "citation_preview": "21 U.S.C. \u00a7 355", "checksum": "5395b9e603460847"}
{"timestamp": "2025-08-08T23:54:56.055342", "api_name": "cornell_lii", "endpoint": "https://www.law.cornell.edu/uscode/text/21/355", "method": "GET", "response_code": 200, "success": true, "footnote_number": 3, "checksum": "81721e525b4bd875"}
{"timestamp": "2025-08-08T23:54:56.063588", "api_name": "govinfo", "endpoint": "https://api.govinfo.gov/collections/USCODE", "method": "GET", "response_code": null, "success": false, "footnote_number": 11, "parameters": {"title": "21", "section": "321"}, "citation_preview": "21 U.S.C. \u00a7 321", "checksum": "fc79517c4618354d"}
{"timestamp": "2025-08-08T23:54:56.408799", "api_name": "govinfo", "endpoint": "https://api.govinfo.gov/collections/USCODE", "method": "GET", "response_code": 500, "success": false, "footnote_number": 11, "checksum": "59c3b7939bce9eff"}
{"timestamp": "2025-08-08T23:54:56.409927", "api_name": "cornell_lii", "endpoint": "https://www.law.cornell.edu/uscode/text/21/321", "method": "GET", "response_code": null, "success": false, "footnote_number": 11, "parameters": {"title": "21", "section": "321"}, "citation_preview": "21 U.S.C. \u00a7 321", "checksum": "fb35c3746fa27773"}
{"timestamp": "2025-08-08T23:54:56.459956", "api_name": "cornell_lii", "endpoint": "https://www.law.cornell.edu/uscode/text/21/321", "method": "GET", "response_code": 200, "success": true, "footnote_number": 11, "checksum": "ae2504bb40e67a82"}
{"timestamp": "2025-08-08T23:54:56.462679", "api_name": "govinfo", "endpoint": "https://api.govinfo.gov/collections/USCODE", "method": "GET", "response_code": null, "success": false, "footnote_number": 15, "parameters": {"title": "21", "section": "331"}, "citation_preview": "21 U.S.C. \u00a7 331", "checksum": "a1294aef6ccfc664"}
{"timestamp": "2025-08-08T23:54:56.651458", "api_name": "govinfo", "endpoint": "https://api.govinfo.gov/collections/USCODE", "method": "GET", "response_code": 500, "success": false, "footnote_number": 15, "checksum": "6439e090442ad2b8"}
{"timestamp": "2025-08-08T23:54:56.652642", "api_name": "cornell_lii", "endpoint": "https://www.law.cornell.edu/uscode/text/21/331", "method": "GET", "response_code": null, "success": false, "footnote_number": 15, "parameters": {"title": "21", "section": "331"}, "citation_preview": "21 U.S.C. \u00a7 331", "checksum": "59a3c0dedf9c9ea0"}
{"timestamp": "2025-08-08T23:54:56.700267", "api_name": "cornell_lii", "endpoint": "https://www.law.cornell.edu/uscode/text/21/331", "method": "GET", "response_code": 200, "success": true, "footnote_number": 15, "checksum": "52e38d05ce54b4c4"}
{"timestamp": "2025-08-08T23:54:56.703237", "api_name": "govinfo", "endpoint": "https://api.govinfo.gov/collections/USCODE", "method": "GET", "response_code": null, "success": false, "footnote_number": 18, "parameters": {"title": "35", "section": "271"}, "citation_preview": "35 U.S.C. \u00a7 271", "checksum": "a4ae482f186b4d3e"}
{"timestamp": "2025-08-08T23:54:56.887090", "api_name": "govinfo", "endpoint": "https://api.govinfo.gov/collections/USCODE", "method": "GET", "response_code": 500, "success": false, "footnote_number": 18, "checksum": "4c87092b4076fab2"}
{"timestamp": "2025-08-08T23:54:56.887785", "api_name": "cornell_lii", "endpoint": "https://www.law.cornell.edu/uscode/text/35/271", "method": "GET", "response_code": null, "success": false, "footnote_number": 18, "parameters": {"title": "35", "section": "271"}, "citation_preview": "35 U.S.C. \u00a7 271", "checksum": "311fa58df69b0eb8"}
{"timestamp": "2025-08-08T23:54:56.930778", "api_name": "cornell_lii", "endpoint": "https://www.law.cornell.edu/uscode/text/35/271", "method": "GET", "response_code": 200, "success": true, "footnote_number": 18, "checksum": "be85e98fecc3bc56"}
{"timestamp": "2025-08-08T23:54:56.932924", "api_name": "govinfo", "endpoint": "https://api.govinfo.gov/collections/USCODE", "method": "GET", "response_code": null, "success": false, "footnote_number": 20, "parameters": {"title": "21", "section": "355"}, "citation_preview": "21 U.S.C. \u00a7 355", "checksum": "29e77f4be53de202"}
{"timestamp": "2025-08-08T23:54:57.140080", "api_name": "govinfo", "endpoint": "https://api.govinfo.gov/collections/USCODE", "method": "GET", "response_code": 500, "success": false, "footnote_number": 20, "checksum": "2159e2d7179fe4ee"}
{"timestamp": "2025-08-08T23:54:57.140756", "api_name": "cornell_lii", "endpoint": "https://www.law.cornell.edu/uscode/text/21/355", "method": "GET", "response_code": null, "success": false, "footnote_number": 20, "parameters": {"title": "21", "section": "355"}, "citation_preview": "21 U.S.C. \u00a7 355", "checksum": "dc7fa8aaa7730615"}
{"timestamp": "2025-08-08T23:54:57.239585", "api_name": "cornell_lii", "endpoint": "https://www.law.cornell.edu/uscode/text/21/355", "method": "GET", "response_code": 200, "success": true, "footnote_number": 20, "checksum": "f2650f572d27ba36"}
{"timestamp": "2025-08-08T23:54:57.247544", "api_name": "govinfo", "endpoint": "https://api.govinfo.gov/collections/USCODE", "method": "GET", "response_code": null, "success": false, "footnote_number": 21, "parameters": {"title": "35", "section": "271"}, "citation_preview": "35 U.S.C. \u00a7 271", "checksum": "cb58ea57e79e5247"}
{"timestamp": "2025-08-08T23:54:57.582087", "api_name": "govinfo", "endpoint": "https://api.govinfo.gov/collections/USCODE", "method": "GET", "response_code": 500, "success": false, "footnote_number": 21, "checksum": "b3f5ef1d6b959a2e"}
{"timestamp": "2025-08-08T23:54:57.584254", "api_name": "cornell_lii", "endpoint": "https://www.law.cornell.edu/uscode/text/35/271", "method": "GET", "response_code": null, "success": false, "footnote_number": 21, "parameters": {"title": "35", "section": "271"}, "citation_preview": "35 U.S.C. \u00a7 271", "checksum": "4b2d09a63da03ad8"}
{"timestamp": "2025-08-08T23:55:07.588012", "api_name": "cornell_lii", "endpoint": "https://www.law.cornell.edu/uscode/text/35/271", "method": "GET", "response_code": null, "success": false, "footnote_number": 21, "error": "HTTPSConnectionPool(host='www.law.cornell.edu', port=443): Read timed out. (read timeout=10)", "checksum": "f0a6c5b7f08e3268"}
{"timestamp": "2025-08-08T23:55:07.591837", "api_name": "govinfo", "endpoint": "https://api.govinfo.gov/collections/USCODE", "method": "GET", "response_code": null, "success": false, "footnote_number": 22, "parameters": {"title": "21", "section": "355"}, "citation_preview": "21 U.S.C. \u00a7 355", "checksum": "aaf50596aa151f37"}
{"timestamp": "2025-08-08T23:55:07.779520", "api_name": "govinfo", "endpoint": "https://api.govinfo.gov/collections/USCODE", "method": "GET", "response_code": 500, "success": false, "footnote_number": 22, "checksum": "11234384989bc20e"}
{"timestamp": "2025-08-08T23:55:07.780164", "api_name": "cornell_lii", "endpoint": "https://www.law.cornell.edu/uscode/text/21/355", "method": "GET", "response_code": null, "success": false, "footnote_number": 22, "parameters": {"title": "21", "section": "355"}, "citation_preview": "21 U.S.C. \u00a7 355", "checksum": "e040695aa9bd5aba"}
{"timestamp": "2025-08-08T23:55:08.076920", "api_name": "cornell_lii", "endpoint": "https://www.law.cornell.edu/uscode/text/21/355", "method": "GET", "response_code": 200, "success": true, "footnote_number": 22, "checksum": "910933ca053ccf7c"}
{"timestamp": "2025-08-08T23:55:08.319696", "api_name": "govinfo", "endpoint": "https://api.govinfo.gov/collections/USCODE", "method": "GET", "response_code": null, "success": false, "footnote_number": 25, "parameters": {"title": "28", "section": "1295"}, "citation_preview": "28 U.S.C. \u00a7 1295", "checksum": "9729e3ca68b955f0"}
{"timestamp": "2025-08-08T23:55:08.507042", "api_name": "govinfo", "endpoint": "https://api.govinfo.gov/collections/USCODE", "method": "GET", "response_code": 500, "success": false, "footnote_number": 25, "checksum": "0850e61b462afd36"}
{"timestamp": "2025-08-08T23:55:08.508267", "api_name": "cornell_lii", "endpoint": "https://www.law.cornell.edu/uscode/text/28/1295", "method": "GET", "response_code": null, "success": false, "footnote_number": 25, "parameters": {"title": "28", "section": "1295"}, "citation_preview": "28 U.S.C. \u00a7 1295", "checksum": "56454e3e54b53203"}
{"timestamp": "2025-08-08T23:55:08.552552", "api_name": "cornell_lii", "endpoint": "https://www.law.cornell.edu/uscode/text/28/1295", "method": "GET", "response_code": 200, "success": true, "footnote_number": 25, "checksum": "fb22cf72e2f62339"}
{"timestamp": "2025-08-08T23:55:08.555411", "api_name": "govinfo", "endpoint": "https://api.govinfo.gov/collections/USCODE", "method": "GET", "response_code": null, "success": false, "footnote_number": 41, "parameters": {"title": "21", "section": "3"}, "citation_preview": "21 U.S.C. \u00a7 3", "checksum": "e27cc8aea650b00b"}
{"timestamp": "2025-08-08T23:55:08.743328", "api_name": "govinfo", "endpoint": "https://api.govinfo.gov/collections/USCODE", "method": "GET", "response_code": 500, "success": false, "footnote_number": 41, "checksum": "1551a7c2ab36fe31"}
{"timestamp": "2025-08-08T23:55:08.744376", "api_name": "cornell_lii", "endpoint": "https://www.law.cornell.edu/uscode/text/21/3", "method": "GET", "response_code": null, "success": false, "footnote_number": 41, "parameters": {"title": "21", "section": "3"}, "citation_preview": "21 U.S.C. \u00a7 3", "checksum": "03eefdb8957455b4"}
{"timestamp": "2025-08-08T23:55:08.785563", "api_name": "cornell_lii", "endpoint": "https://www.law.cornell.edu/uscode/text/21/3", "method": "GET", "response_code": 404, "success": false, "footnote_number": 41, "checksum": "a8a7683d7db44a92"}
